This is TeX, Version 3.14159 (Web2C 7.4.5) (format=latex 2003.8.8)  4 APR 2006 10:35
**natives.tex
(./natives.tex
LaTeX2e <2001/06/01>
Babel <v3.7h> and hyphenation patterns for american, french, german, ngerman, n
ohyphenation, loaded.
(/usr/share/texmf/tex/latex/base/article.cls
Document Class: article 2001/04/21 v1.4e Standard LaTeX document class
(/usr/share/texmf/tex/latex/base/size10.clo
File: size10.clo 2001/04/21 v1.4e Standard LaTeX file (size option)
)
\c@part=\count79
\c@section=\count80
\c@subsection=\count81
\c@subsubsection=\count82
\c@paragraph=\count83
\c@subparagraph=\count84
\c@figure=\count85
\c@table=\count86
\abovecaptionskip=\skip41
\belowcaptionskip=\skip42
\bibindent=\dimen102
)
(/usr/share/texmf/tex/generic/babel/babel.sty
Package: babel 2001/03/01 v3.7h The Babel package

(/usr/share/texmf/tex/generic/babel/english.ldf
Language: english 2001/04/15 v3.3l English support from the babel system

(/usr/share/texmf/tex/generic/babel/babel.def
File: babel.def 2001/03/01 v3.7h Babel common definitions
\babel@savecnt=\count87
\U@D=\dimen103
)
\l@canadian = a dialect from \language\l@english 
))
(/usr/share/texmf/tex/latex/html/url.sty
Package: url 1999/03/02  ver 1.4  Verb mode for urls, email addresses, and file
 names
)
(/usr/share/texmf/tex/latex/graphics/graphicx.sty
Package: graphicx 1999/02/16 v1.0f Enhanced LaTeX Graphics (DPC,SPQR)

(/usr/share/texmf/tex/latex/graphics/keyval.sty
Package: keyval 1999/03/16 v1.13 key=value parser (DPC)
\KV@toks@=\toks14
)
(/usr/share/texmf/tex/latex/graphics/graphics.sty
Package: graphics 2001/07/07 v1.0n Standard LaTeX Graphics (DPC,SPQR)

(/usr/share/texmf/tex/latex/graphics/trig.sty
Package: trig 1999/03/16 v1.09 sin cos tan (DPC)
)
(/usr/share/texmf/tex/latex/config/graphics.cfg
File: graphics.cfg 2001/08/31 v1.1 graphics configuration of teTeX/TeXLive
)
Package graphics Info: Driver file: dvips.def on input line 80.

(/usr/share/texmf/tex/latex/graphics/dvips.def
File: dvips.def 1999/02/16 v3.0i Driver-dependant file (DPC,SPQR)
))
\Gin@req@height=\dimen104
\Gin@req@width=\dimen105
)
(/usr/share/texmf/tex/latex/misc/float.sty
Package: float 2001/11/08 v1.3d Float enhancements (AL)
\c@float@type=\count88
\float@exts=\toks15
\float@box=\box26
\@float@everytoks=\toks16
\@floatcapt=\box27
)
(/usr/share/texmf/tex/latex/misc/a4wide.sty
Package: a4wide 1994/08/30

(/usr/share/texmf/tex/latex/ntgclass/a4.sty
Package: a4 1999/03/03 v1.2f A4 based page layout
)) (./natives.aux)
\openout1 = `natives.aux'.

LaTeX Font Info:    Checking defaults for OML/cmm/m/it on input line 16.
LaTeX Font Info:    ... okay on input line 16.
LaTeX Font Info:    Checking defaults for T1/cmr/m/n on input line 16.
LaTeX Font Info:    ... okay on input line 16.
LaTeX Font Info:    Checking defaults for OT1/cmr/m/n on input line 16.
LaTeX Font Info:    ... okay on input line 16.
LaTeX Font Info:    Checking defaults for OMS/cmsy/m/n on input line 16.
LaTeX Font Info:    ... okay on input line 16.
LaTeX Font Info:    Checking defaults for OMX/cmex/m/n on input line 16.
LaTeX Font Info:    ... okay on input line 16.
LaTeX Font Info:    Checking defaults for U/cmr/m/n on input line 16.
LaTeX Font Info:    ... okay on input line 16.
 (./jack.tex
LaTeX Font Info:    External font `cmex10' loaded for size
(Font)              <7> on input line 16.
LaTeX Font Info:    External font `cmex10' loaded for size
(Font)              <5> on input line 16.

Underfull \hbox (badness 10000) in paragraph at lines 17--18

 []

) (./purity.tex [1

]
LaTeX Font Info:    External font `cmex10' loaded for size
(Font)              <9> on input line 40.
LaTeX Font Info:    External font `cmex10' loaded for size
(Font)              <6> on input line 40.
LaTeX Font Info:    Try loading font information for OMS+cmtt on input line 44.

LaTeX Font Info:    No file OMScmtt.fd. on input line 44.


LaTeX Font Warning: Font shape `OMS/cmtt/m/n' undefined
(Font)              using `OMS/cmsy/m/n' instead
(Font)              for symbol `textbraceleft' on input line 44.

[2]
LaTeX Font Info:    Try loading font information for OMS+cmr on input line 161.

 (/usr/share/texmf/tex/latex/base/omscmr.fd
File: omscmr.fd 1999/05/25 v2.5h Standard LaTeX font definitions
)
LaTeX Font Info:    Font shape `OMS/cmr/m/n' in size <10> not available
(Font)              Font shape `OMS/cmsy/m/n' tried instead on input line 161.
 [3]) (./types.tex [4] [5])
(./models.tex [6] [7]) (./conclusion.tex [8]) (./natives.bbl [9]) [10]
(./natives.aux)

LaTeX Font Warning: Some font shapes were not available, defaults substituted.

 ) 
Here is how much of TeX's memory you used:
 1023 strings out of 95847
 11909 string characters out of 1193875
 63362 words of memory out of 1000001
 3955 multiletter control sequences out of 10000+50000
 8923 words of font info for 32 fonts, out of 500000 for 1000
 14 hyphenation exceptions out of 1000
 25i,4n,19p,217b,327s stack positions out of 1500i,500n,5000p,200000b,5000s

Output written on natives.dvi (10 pages, 40956 bytes).
