
Unexpected Signal : 11 occurred at PC=0x40220AF0
Function=_ZN13instanceKlass21add_dependent_nmethodEP7nmethod+0x30
Library=/pcache/metanet/net/lib/jdk1.4.1/jdk1.4.1/linux-libc6/jre/lib/i386/client/libjvm.so

Current Java thread:

Dynamic libraries:
0031f000-00334000 r-xp 00000000 08:02 737284     /lib/ld-2.3.2.so
00334000-00335000 rw-p 00015000 08:02 737284     /lib/ld-2.3.2.so
00337000-0046a000 r-xp 00000000 08:02 14336011   /lib/tls/libc-2.3.2.so
0046a000-0046e000 rw-p 00132000 08:02 14336011   /lib/tls/libc-2.3.2.so
00472000-00493000 r-xp 00000000 08:02 14336014   /lib/tls/libm-2.3.2.so
00493000-00494000 rw-p 00020000 08:02 14336014   /lib/tls/libm-2.3.2.so
00496000-00498000 r-xp 00000000 08:02 737317     /lib/libdl-2.3.2.so
00498000-00499000 rw-p 00001000 08:02 737317     /lib/libdl-2.3.2.so
0049b000-00576000 r-xp 00000000 08:02 655434     /usr/X11R6/lib/libX11.so.6.2
00576000-00579000 rw-p 000db000 08:02 655434     /usr/X11R6/lib/libX11.so.6.2
0057b000-00588000 r-xp 00000000 08:02 655533     /usr/X11R6/lib/libXext.so.6.4
00588000-00589000 rw-p 0000c000 08:02 655533     /usr/X11R6/lib/libXext.so.6.4
0058b000-0059b000 r-xp 00000000 08:02 1212652    /usr/lib/libz.so.1.2.0.7
0059b000-0059c000 rw-p 0000f000 08:02 1212652    /usr/lib/libz.so.1.2.0.7
0059e000-005a6000 r-xp 00000000 08:02 655411     /usr/X11R6/lib/libXcursor.so.1.0
005a6000-005a7000 rw-p 00007000 08:02 655411     /usr/X11R6/lib/libXcursor.so.1.0
005c1000-005ce000 r-xp 00000000 08:02 14336015   /lib/tls/libpthread-0.60.so
005ce000-005cf000 rw-p 0000d000 08:02 14336015   /lib/tls/libpthread-0.60.so
0063b000-00687000 r-xp 00000000 08:02 1212665    /usr/lib/libfreetype.so.6.3.3
00687000-0068b000 rw-p 0004c000 08:02 1212665    /usr/lib/libfreetype.so.6.3.3
006a5000-006b6000 r-xp 00000000 08:02 655539     /usr/X11R6/lib/libXft.so.2.1.1
006b6000-006b7000 rw-p 00010000 08:02 655539     /usr/X11R6/lib/libXft.so.2.1.1
006b9000-006d7000 r-xp 00000000 08:02 1212749    /usr/lib/libexpat.so.0.4.0
006d7000-006d9000 rw-p 0001d000 08:02 1212749    /usr/lib/libexpat.so.0.4.0
006db000-006fe000 r-xp 00000000 08:02 1212751    /usr/lib/libfontconfig.so.1.0.4
006fe000-00701000 rw-p 00023000 08:02 1212751    /usr/lib/libfontconfig.so.1.0.4
00704000-0070b000 r-xp 00000000 08:02 655407     /usr/X11R6/lib/libXrender.so.1.2.2
0070b000-0070c000 rw-p 00006000 08:02 655407     /usr/X11R6/lib/libXrender.so.1.2.2
0072e000-007de000 r-xp 00000000 08:02 1212792    /usr/lib/libstdc++.so.5.0.5
007de000-007e3000 rw-p 000af000 08:02 1212792    /usr/lib/libstdc++.so.5.0.5
007ea000-007f1000 r-xp 00000000 08:02 737373     /lib/libgcc_s-3.3.2-20031023.so.1
007f1000-007f2000 rw-p 00006000 08:02 737373     /lib/libgcc_s-3.3.2-20031023.so.1
007f4000-007f7000 r-xp 00000000 08:02 655538     /usr/X11R6/lib/libXrandr.so.2.0
007f7000-007f8000 rw-p 00002000 08:02 655538     /usr/X11R6/lib/libXrandr.so.2.0
00812000-00819000 r-xp 00000000 08:02 655534     /usr/X11R6/lib/libXi.so.6.0
00819000-0081a000 rw-p 00006000 08:02 655534     /usr/X11R6/lib/libXi.so.6.0
0083c000-00848000 r-xp 00000000 08:02 1214355    /usr/lib/libpangox-1.0.so.0.200.5
00848000-00849000 rw-p 0000b000 08:02 1214355    /usr/lib/libpangox-1.0.so.0.200.5
0084b000-0084f000 r-xp 00000000 08:02 1212713    /usr/lib/libgthread-2.0.so.0.200.3
0084f000-00850000 rw-p 00003000 08:02 1212713    /usr/lib/libgthread-2.0.so.0.200.3
00a0d000-00a10000 r-xp 00000000 08:02 1214350    /usr/lib/libgmodule-2.0.so.0.200.3
00a10000-00a11000 rw-p 00002000 08:02 1214350    /usr/lib/libgmodule-2.0.so.0.200.3
00a13000-00a45000 r-xp 00000000 08:02 1214349    /usr/lib/libgobject-2.0.so.0.200.3
00a45000-00a46000 rw-p 00032000 08:02 1214349    /usr/lib/libgobject-2.0.so.0.200.3
00a6a000-00ad2000 r-xp 00000000 08:02 1213587    /usr/lib/libglib-2.0.so.0.200.3
00ad2000-00ad3000 rw-p 00068000 08:02 1213587    /usr/lib/libglib-2.0.so.0.200.3
00ad5000-00ae7000 r-xp 00000000 08:02 1213086    /usr/lib/libgdk_pixbuf-2.0.so.0.200.4
00ae7000-00ae8000 rw-p 00011000 08:02 1213086    /usr/lib/libgdk_pixbuf-2.0.so.0.200.4
00aea000-00b02000 r-xp 00000000 08:02 1214357    /usr/lib/libatk-1.0.so.0.400.0
00b02000-00b04000 rw-p 00017000 08:02 1214357    /usr/lib/libatk-1.0.so.0.400.0
00b06000-00b26000 r-xp 00000000 08:02 1214354    /usr/lib/libpangoxft-1.0.so.0.200.5
00b26000-00b27000 rw-p 0001f000 08:02 1214354    /usr/lib/libpangoxft-1.0.so.0.200.5
00b29000-00b50000 r-xp 00000000 08:02 1214351    /usr/lib/libpango-1.0.so.0.200.5
00b50000-00b5c000 rw-p 00026000 08:02 1214351    /usr/lib/libpango-1.0.so.0.200.5
00b5e000-00bc6000 r-xp 00000000 08:02 1214356    /usr/lib/libgdk-x11-2.0.so.0.200.4
00bc6000-00bcb000 rw-p 00068000 08:02 1214356    /usr/lib/libgdk-x11-2.0.so.0.200.4
00dc6000-00dd8000 r-xp 00000000 08:02 737392     /lib/libnsl-2.3.2.so
00dd8000-00dd9000 rw-p 00011000 08:02 737392     /lib/libnsl-2.3.2.so
038cf000-03b12000 r-xp 00000000 08:02 1214358    /usr/lib/libgtk-x11-2.0.so.0.200.4
03b12000-03b1a000 rw-p 00242000 08:02 1214358    /usr/lib/libgtk-x11-2.0.so.0.200.4
08048000-0804e000 r-xp 00000000 00:09 218        /pcache/metanet/net/lib/jdk1.4.1/jdk1.4.1/linux-libc6/bin/java
0804e000-0804f000 rw-p 00005000 00:09 218        /pcache/metanet/net/lib/jdk1.4.1/jdk1.4.1/linux-libc6/bin/java
40001000-40013000 r-xp 00000000 00:09 272        /pcache/metanet/net/lib/jdk1.4.1/jdk1.4.1/linux-libc6/jre/lib/i386/libzip.so
40013000-40015000 rw-p 00011000 00:09 272        /pcache/metanet/net/lib/jdk1.4.1/jdk1.4.1/linux-libc6/jre/lib/i386/libzip.so
40015000-4001f000 r-xp 00000000 00:09 280        /pcache/metanet/net/lib/jdk1.4.1/jdk1.4.1/linux-libc6/jre/lib/i386/native_threads/libhpi.so
4001f000-40020000 rw-p 00009000 00:09 280        /pcache/metanet/net/lib/jdk1.4.1/jdk1.4.1/linux-libc6/jre/lib/i386/native_threads/libhpi.so
40020000-40021000 r--p 00594000 08:02 3276804    /usr/lib/locale/locale-archive
40021000-40024000 r-xp 00000000 00:09 324        /pcache/metanet/net/lib/jdk1.4.1/jdk1.4.1/linux-libc6/jre/lib/i386/libdt_socket.so
40024000-40025000 rw-p 00002000 00:09 324        /pcache/metanet/net/lib/jdk1.4.1/jdk1.4.1/linux-libc6/jre/lib/i386/libdt_socket.so
40025000-40028000 r--s 00000000 00:09 289        /pcache/metanet/net/lib/jdk1.4.1/jdk1.4.1/linux-libc6/jre/lib/ext/dnsns.jar
40028000-40029000 r--s 00000000 00:0d 836740     /auto/rem/u/rem/0/projserver/everest/home/pkg/eclipse/eclipse-3.0.1/eclipse/plugins/org.eclipse.ui.workbench.compatibility_3.0.0/compatibility.jar
40029000-4002a000 r--s 00000000 00:0d 3649929    /auto/rem/u/rem/0/projserver/everest/home/pkg/eclipse/eclipse-3.0.1/eclipse/plugins/org.eclipse.ui_3.0.1/ui.jar
4002a000-40386000 r-xp 00000000 00:09 274        /pcache/metanet/net/lib/jdk1.4.1/jdk1.4.1/linux-libc6/jre/lib/i386/client/libjvm.so
40386000-403a1000 rw-p 0035b000 00:09 274        /pcache/metanet/net/lib/jdk1.4.1/jdk1.4.1/linux-libc6/jre/lib/i386/client/libjvm.so
403b3000-403d3000 r-xp 00000000 00:09 275        /pcache/metanet/net/lib/jdk1.4.1/jdk1.4.1/linux-libc6/jre/lib/i386/libjava.so
403d3000-403d5000 rw-p 0001f000 00:09 275        /pcache/metanet/net/lib/jdk1.4.1/jdk1.4.1/linux-libc6/jre/lib/i386/libjava.so
403d6000-403e7000 r-xp 00000000 00:09 276        /pcache/metanet/net/lib/jdk1.4.1/jdk1.4.1/linux-libc6/jre/lib/i386/libverify.so
403e7000-403e8000 rw-p 00011000 00:09 276        /pcache/metanet/net/lib/jdk1.4.1/jdk1.4.1/linux-libc6/jre/lib/i386/libverify.so
403e9000-41ab7000 r--s 00000000 00:09 281        /pcache/metanet/net/lib/jdk1.4.1/jdk1.4.1/linux-libc6/jre/lib/rt.jar
41afa000-41b11000 r--s 00000000 00:09 282        /pcache/metanet/net/lib/jdk1.4.1/jdk1.4.1/linux-libc6/jre/lib/sunrsasign.jar
41b11000-41b82000 r--s 00000000 00:09 283        /pcache/metanet/net/lib/jdk1.4.1/jdk1.4.1/linux-libc6/jre/lib/jsse.jar
41b82000-41b95000 r--s 00000000 00:09 284        /pcache/metanet/net/lib/jdk1.4.1/jdk1.4.1/linux-libc6/jre/lib/jce.jar
41b95000-41e51000 r--s 00000000 00:09 285        /pcache/metanet/net/lib/jdk1.4.1/jdk1.4.1/linux-libc6/jre/lib/charsets.jar
43ef9000-43efe000 r--s 00000000 00:0d 1114551    /auto/rem/u/rem/0/projserver/everest/home/pkg/eclipse/eclipse-3.0.1/eclipse/startup.jar
43efe000-43eff000 r-xp 00000000 08:02 19152905   /usr/X11R6/lib/X11/locale/lib/common/xlcUTF8Load.so.2
43eff000-43f00000 rw-p 00000000 08:02 19152905   /usr/X11R6/lib/X11/locale/lib/common/xlcUTF8Load.so.2
4c103000-4c303000 r--p 00000000 08:02 3276804    /usr/lib/locale/locale-archive
4c303000-4c40f000 r--p 00261000 08:02 3276804    /usr/lib/locale/locale-archive
4c40f000-4c437000 r-xp 00000000 00:09 323        /pcache/metanet/net/lib/jdk1.4.1/jdk1.4.1/linux-libc6/jre/lib/i386/libjdwp.so
4c437000-4c438000 rw-p 00028000 00:09 323        /pcache/metanet/net/lib/jdk1.4.1/jdk1.4.1/linux-libc6/jre/lib/i386/libjdwp.so
4c43c000-4c44a000 r--s 00000000 00:09 290        /pcache/metanet/net/lib/jdk1.4.1/jdk1.4.1/linux-libc6/jre/lib/ext/ldapsec.jar
4c44a000-4c450000 r-xp 00000000 00:09 293        /pcache/metanet/net/lib/jdk1.4.1/jdk1.4.1/linux-libc6/jre/lib/i386/libnio.so
4c450000-4c451000 rw-p 00005000 00:09 293        /pcache/metanet/net/lib/jdk1.4.1/jdk1.4.1/linux-libc6/jre/lib/i386/libnio.so
4c451000-4c459000 r-xp 00000000 08:02 737321     /lib/libnss_nis-2.3.2.so
4c459000-4c45a000 rw-p 00007000 08:02 737321     /lib/libnss_nis-2.3.2.so
4c45a000-4c464000 r-xp 00000000 08:02 737316     /lib/libnss_files-2.3.2.so
4c464000-4c465000 rw-p 0000a000 08:02 737316     /lib/libnss_files-2.3.2.so
4c7ec000-4c88b000 r--s 00000000 00:09 288        /pcache/metanet/net/lib/jdk1.4.1/jdk1.4.1/linux-libc6/jre/lib/ext/localedata.jar
4c88b000-4c8a8000 r--s 00000000 00:09 291        /pcache/metanet/net/lib/jdk1.4.1/jdk1.4.1/linux-libc6/jre/lib/ext/sunjce_provider.jar
4c929000-4c961000 r--s 00000000 00:0d 1113099    /auto/rem/u/rem/0/projserver/everest/home/pkg/eclipse/eclipse-3.0.1/eclipse/plugins/org.eclipse.osgi_3.0.1/core.jar
4c961000-4c969000 r--s 00000000 00:0d 1113097    /auto/rem/u/rem/0/projserver/everest/home/pkg/eclipse/eclipse-3.0.1/eclipse/plugins/org.eclipse.osgi_3.0.1/console.jar
4c969000-4c975000 r--s 00000000 00:0d 1113098    /auto/rem/u/rem/0/projserver/everest/home/pkg/eclipse/eclipse-3.0.1/eclipse/plugins/org.eclipse.osgi_3.0.1/osgi.jar
4c975000-4c98b000 r--s 00000000 00:0d 1113100    /auto/rem/u/rem/0/projserver/everest/home/pkg/eclipse/eclipse-3.0.1/eclipse/plugins/org.eclipse.osgi_3.0.1/resolver.jar
4c98b000-4c9a1000 r--s 00000000 00:0d 1113096    /auto/rem/u/rem/0/projserver/everest/home/pkg/eclipse/eclipse-3.0.1/eclipse/plugins/org.eclipse.osgi_3.0.1/defaultAdaptor.jar
4c9a1000-4c9c0000 r--s 00000000 00:0d 1113101    /auto/rem/u/rem/0/projserver/everest/home/pkg/eclipse/eclipse-3.0.1/eclipse/plugins/org.eclipse.osgi_3.0.1/eclipseAdaptor.jar
4cb43000-4cb9a000 r--s 00000000 00:0d 1164307    /auto/rem/u/rem/0/projserver/everest/home/pkg/eclipse/eclipse-3.0.1/eclipse/plugins/org.eclipse.core.runtime_3.0.1/runtime.jar
4cb9a000-4cba9000 r-xp 00000000 00:09 292        /pcache/metanet/net/lib/jdk1.4.1/jdk1.4.1/linux-libc6/jre/lib/i386/libnet.so
4cba9000-4cbaa000 rw-p 0000e000 00:09 292        /pcache/metanet/net/lib/jdk1.4.1/jdk1.4.1/linux-libc6/jre/lib/i386/libnet.so
4cbaa000-4cbbe000 r--s 00000000 00:0d 3714831    /auto/rem/u/rem/0/projserver/everest/home/pkg/eclipse/eclipse-3.0.1/eclipse/plugins/org.eclipse.update.configurator_3.0.0/configurator.jar
4cbbe000-4cbf6000 r--s 00000000 08:02 213148     /tmp/jar_cache14016.tmp (deleted)
4cbf6000-4cc01000 r--s 00000000 08:02 213160     /tmp/jar_cache14017.tmp (deleted)
4cc01000-4cd50000 r--s 00000000 00:0d 1114018    /auto/rem/u/rem/0/projserver/everest/home/pkg/eclipse/eclipse-3.0.1/eclipse/plugins/org.eclipse.ui.ide_3.0.1/ide.jar
4cd50000-4cd65000 r--s 00000000 00:0d 1164330    /auto/rem/u/rem/0/projserver/everest/home/pkg/eclipse/eclipse-3.0.1/eclipse/plugins/org.eclipse.core.runtime.compatibility_3.0.0/compatibility.jar
4cd65000-4cf9a000 r--s 00000000 00:0d 1113635    /auto/rem/u/rem/0/projserver/everest/home/pkg/eclipse/eclipse-3.0.1/eclipse/plugins/org.eclipse.ui.workbench_3.0.1/workbench.jar
4cf9a000-4d018000 r--s 00000000 00:0d 1097077    /auto/rem/u/rem/0/projserver/everest/home/pkg/eclipse/eclipse-3.0.1/eclipse/plugins/org.eclipse.jface_3.0.0/jface.jar
4d018000-4d02b000 r--s 00000000 00:0d 1113604    /auto/rem/u/rem/0/projserver/everest/home/pkg/eclipse/eclipse-3.0.1/eclipse/plugins/org.eclipse.swt.gtk_3.0.1/ws/gtk/swt-mozilla.jar
4d02b000-4d038000 r--s 00000000 00:0d 1113603    /auto/rem/u/rem/0/projserver/everest/home/pkg/eclipse/eclipse-3.0.1/eclipse/plugins/org.eclipse.swt.gtk_3.0.1/ws/gtk/swt-pi.jar
4d038000-4d116000 r--s 00000000 00:0d 1113605    /auto/rem/u/rem/0/projserver/everest/home/pkg/eclipse/eclipse-3.0.1/eclipse/plugins/org.eclipse.swt.gtk_3.0.1/ws/gtk/swt.jar
4d116000-4d14c000 r-xp 00000000 00:0d 1113615    /auto/rem/u/rem/0/projserver/everest/home/pkg/eclipse/eclipse-3.0.1/eclipse/plugins/org.eclipse.swt.gtk_3.0.1/os/linux/x86/libswt-pi-gtk-3063.so
4d14c000-4d14e000 rw-p 00035000 00:0d 1113615    /auto/rem/u/rem/0/projserver/everest/home/pkg/eclipse/eclipse-3.0.1/eclipse/plugins/org.eclipse.swt.gtk_3.0.1/os/linux/x86/libswt-pi-gtk-3063.so
4d14e000-4d154000 r--s 00000000 08:02 14303424   /usr/lib/gconv/gconv-modules.cache
4d154000-4d160000 r-xp 00000000 08:02 9715733    /usr/lib/gtk-2.0/2.2.0/engines/libbluecurve.so
4d160000-4d161000 rw-p 0000b000 08:02 9715733    /usr/lib/gtk-2.0/2.2.0/engines/libbluecurve.so
4d161000-4d162000 r-xp 00000000 08:02 14303368   /usr/lib/gconv/ISO8859-1.so
4d162000-4d163000 rw-p 00001000 08:02 14303368   /usr/lib/gconv/ISO8859-1.so
4d163000-4d167000 r-xp 00000000 08:02 655540     /usr/X11R6/lib/libXtst.so.6.1
4d167000-4d168000 rw-p 00004000 08:02 655540     /usr/X11R6/lib/libXtst.so.6.1
4d168000-4d18e000 r-xp 00000000 00:0d 1113613    /auto/rem/u/rem/0/projserver/everest/home/pkg/eclipse/eclipse-3.0.1/eclipse/plugins/org.eclipse.swt.gtk_3.0.1/os/linux/x86/libswt-gtk-3063.so
4d18e000-4d190000 rw-p 00026000 00:0d 1113613    /auto/rem/u/rem/0/projserver/everest/home/pkg/eclipse/eclipse-3.0.1/eclipse/plugins/org.eclipse.swt.gtk_3.0.1/os/linux/x86/libswt-gtk-3063.so
4d190000-4d1f0000 rw-s 00000000 00:04 130023451  /SYSV00000000 (deleted)
4d1f0000-4d28f000 r--s 00000000 00:0d 1114469    /auto/rem/u/rem/0/projserver/everest/home/pkg/eclipse/eclipse-3.0.1/eclipse/plugins/org.eclipse.core.resources_3.0.1/resources.jar
4d28f000-4d290000 r-xp 00000000 00:0d 1114467    /auto/rem/u/rem/0/projserver/everest/home/pkg/eclipse/eclipse-3.0.1/eclipse/plugins/org.eclipse.core.resources.linux_3.0.0/os/linux/x86/libcore_2_1_0b.so
4d290000-4d291000 rw-p 00001000 00:0d 1114467    /auto/rem/u/rem/0/projserver/everest/home/pkg/eclipse/eclipse-3.0.1/eclipse/plugins/org.eclipse.core.resources.linux_3.0.0/os/linux/x86/libcore_2_1_0b.so
4d291000-4d2a1000 r--s 00000000 00:0d 1114242    /auto/rem/u/rem/0/projserver/everest/home/pkg/eclipse/eclipse-3.0.1/eclipse/plugins/org.eclipse.help_3.0.0/help.jar
4d322000-4d324000 r-xp 00000000 08:02 9928729    /usr/lib/pango/1.2.0/modules/pango-basic-xft.so
4d324000-4d325000 rw-p 00001000 08:02 9928729    /usr/lib/pango/1.2.0/modules/pango-basic-xft.so
4d325000-4d337000 r--p 00000000 08:02 18382904   /usr/X11R6/lib/X11/fonts/Type1/l048013t.pfa
4d337000-4d33e000 r-xp 00000000 00:0d 1113616    /auto/rem/u/rem/0/projserver/everest/home/pkg/eclipse/eclipse-3.0.1/eclipse/plugins/org.eclipse.swt.gtk_3.0.1/os/linux/x86/libswt-atk-gtk-3063.so
4d33e000-4d33f000 rw-p 00007000 00:0d 1113616    /auto/rem/u/rem/0/projserver/everest/home/pkg/eclipse/eclipse-3.0.1/eclipse/plugins/org.eclipse.swt.gtk_3.0.1/os/linux/x86/libswt-atk-gtk-3063.so
4d33f000-4d857000 r--s 00000000 00:0d 1164323    /auto/rem/u/rem/0/projserver/everest/home/pkg/eclipse/eclipse-3.0.1/eclipse/plugins/org.eclipse.jdt.ui_3.0.1/jdt.jar
4d857000-4d8ee000 r--s 00000000 00:0d 1097064    /auto/rem/u/rem/0/projserver/everest/home/pkg/eclipse/eclipse-3.0.1/eclipse/plugins/org.eclipse.jface.text_3.0.1/jfacetext.jar
4d8ee000-4d92c000 r--s 00000000 00:0d 1130283    /auto/rem/u/rem/0/projserver/everest/home/pkg/eclipse/eclipse-3.0.1/eclipse/plugins/org.eclipse.ui.editors_3.0.1/editors.jar
4d92c000-4d956000 r--s 00000000 00:0d 2112141    /auto/rem/u/rem/0/projserver/everest/home/pkg/eclipse/eclipse-3.0.1/eclipse/plugins/org.eclipse.text_3.0.1/text.jar
4d956000-4d9b3000 r--s 00000000 00:0d 2423013    /auto/rem/u/rem/0/projserver/everest/home/pkg/eclipse/eclipse-3.0.1/eclipse/plugins/org.eclipse.ui.workbench.texteditor_3.0.1/texteditor.jar
4d9b3000-4dc82000 r--s 00000000 00:0d 1114154    /auto/rem/u/rem/0/projserver/everest/home/pkg/eclipse/eclipse-3.0.1/eclipse/plugins/org.eclipse.jdt.core_3.0.1/jdtcore.jar
4dd84000-4dd92000 r--s 00000000 00:0d 1164345    /auto/rem/u/rem/0/projserver/everest/home/pkg/eclipse/eclipse-3.0.1/eclipse/plugins/org.eclipse.ui.views_3.0.0/views.jar
4dd92000-4ddaa000 r--s 00000000 00:0d 2586674    /auto/rem/u/rem/0/projserver/everest/home/pkg/eclipse/eclipse-3.0.1/eclipse/plugins/org.eclipse.ltk.core.refactoring_3.0.1/refcore.jar
4ddaa000-4ddb6000 r--s 00000000 00:0d 1113624    /auto/rem/u/rem/0/projserver/everest/home/pkg/eclipse/eclipse-3.0.1/eclipse/plugins/org.eclipse.core.filebuffers_3.0.1/filebuffers.jar
4ddb6000-4dde2000 r--s 00000000 00:0d 1475161    /auto/rem/u/rem/0/projserver/everest/home/pkg/eclipse/eclipse-3.0.1/eclipse/plugins/org.eclipse.team.core_3.0.0/team.jar
4dde2000-4de0f000 r--s 00000000 00:0d 836686     /auto/rem/u/rem/0/projserver/everest/home/pkg/eclipse/eclipse-3.0.1/eclipse/plugins/org.eclipse.jdt.launching_3.0.1/launching.jar
4de0f000-4de47000 r--s 00000000 00:0d 1097253    /auto/rem/u/rem/0/projserver/everest/home/pkg/eclipse/eclipse-3.0.1/eclipse/plugins/org.eclipse.debug.core_3.0.1/dtcore.jar
4de47000-4de55000 r--s 00000000 00:0d 3649923    /auto/rem/u/rem/0/projserver/everest/home/pkg/eclipse/eclipse-3.0.1/eclipse/plugins/org.eclipse.ui.console_3.0.0/console.jar
4de59000-4de6b000 r--p 00000000 08:02 18382908   /usr/X11R6/lib/X11/fonts/Type1/l048033t.pfa
4de6b000-4de78000 r--s 00000000 00:0d 2600837    /auto/rem/u/rem/0/projserver/everest/home/pkg/eclipse/eclipse-3.0.1/eclipse/plugins/org.eclipse.core.expressions_3.0.0/expressions.jar
4de7d000-4de7f000 r-xp 00000000 08:02 9928723    /usr/lib/pango/1.2.0/modules/pango-arabic-xft.so
4de7f000-4de80000 rw-p 00002000 08:02 9928723    /usr/lib/pango/1.2.0/modules/pango-arabic-xft.so
4de80000-4de82000 r-xp 00000000 08:02 9928741    /usr/lib/pango/1.2.0/modules/pango-hangul-xft.so
4de82000-4de83000 rw-p 00002000 08:02 9928741    /usr/lib/pango/1.2.0/modules/pango-hangul-xft.so
4de83000-4de89000 r--s 00000000 00:0d 1113086    /auto/rem/u/rem/0/projserver/everest/home/pkg/eclipse/eclipse-3.0.1/eclipse/plugins/org.eclipse.update.scheduler_3.0.0/scheduler.jar
4de94000-4dea8000 r--p 00000000 08:02 18382898   /usr/X11R6/lib/X11/fonts/Type1/l047016t.pfa
4dea8000-4deb4000 r--s 00000000 00:0d 1114128    /auto/rem/u/rem/0/projserver/everest/home/pkg/eclipse/eclipse-3.0.1/eclipse/plugins/org.eclipse.jdt.debug_3.0.1/jdi.jar
4ded0000-4dee2000 r--p 00000000 08:02 18382906   /usr/X11R6/lib/X11/fonts/Type1/l048016t.pfa
4dee8000-4df08000 r--s 00000000 00:0d 1097033    /auto/rem/u/rem/0/projserver/everest/home/pkg/eclipse/eclipse-3.0.1/eclipse/plugins/org.eclipse.ltk.ui.refactoring_3.0.1/refui.jar
4df0e000-4df88000 r--p 00000000 08:02 5816347    /usr/share/fonts/bitmap-fonts/6x13.pcf
4df88000-4df9b000 r--p 00000000 08:02 18382896   /usr/X11R6/lib/X11/fonts/Type1/l047013t.pfa
4df9b000-4dffb000 r--s 00000000 00:0d 1097328    /auto/rem/u/rem/0/projserver/everest/home/pkg/eclipse/eclipse-3.0.1/eclipse/plugins/org.eclipse.search_3.0.1/search.jar
4dffb000-4e05c000 r--s 00000000 00:0d 1114250    /auto/rem/u/rem/0/projserver/everest/home/pkg/eclipse/eclipse-3.0.1/eclipse/plugins/org.eclipse.compare_3.0.0/compare.jar
4e1df000-4e2c0000 r--s 00000000 00:0d 1113109    /auto/rem/u/rem/0/projserver/everest/home/pkg/eclipse/eclipse-3.0.1/eclipse/plugins/org.eclipse.debug.ui_3.0.1/dtui.jar
4e2c0000-4e2da000 r--s 00000000 00:0d 1114134    /auto/rem/u/rem/0/projserver/everest/home/pkg/eclipse/eclipse-3.0.1/eclipse/plugins/org.eclipse.ui.externaltools_3.0.1/externaltools.jar
4e2da000-4e33a000 rw-s 00000000 00:04 130056224  /SYSV00000000 (deleted)
4e33a000-4e41c000 r--s 00000000 00:0d 1164314    /auto/rem/u/rem/0/projserver/everest/home/pkg/eclipse/eclipse-3.0.1/eclipse/plugins/org.eclipse.jdt.debug.ui_3.0.1/jdiui.jar
4e41c000-4e4c7000 r--s 00000000 00:0d 1114127    /auto/rem/u/rem/0/projserver/everest/home/pkg/eclipse/eclipse-3.0.1/eclipse/plugins/org.eclipse.jdt.debug_3.0.1/jdimodel.jar
4e64a000-4e694000 r--s 00000000 00:0d 1032732    /auto/rem/u/rem/0/projserver/everest/home/pkg/eclipse/eclipse-3.0.1/eclipse/plugins/org.eclipse.jdt.junit_3.0.1/junitsupport.jar

Local Time = Fri Apr 29 14:29:58 2005
Elapsed Time = 9160
#
# HotSpot Virtual Machine Error : 11
# Error ID : 4F530E43505002E6
# Please report this error at
# http://www.blackdown.org/cgi-bin/jdk
#
# Java VM: Java HotSpot(TM) Client VM (Blackdown-1.4.1-01 mixed mode)
#
