This is TeX, Version 3.14159 (Web2C 7.4.5) (format=latex 2005.4.28)  10 DEC 2006 16:11
**JVC.tex
(./JVC.tex
LaTeX2e <2001/06/01>
Babel <v3.7h> and hyphenation patterns for american, french, german, ngerman, n
ohyphenation, loaded.
(/user/mpavlova/home/texmf/tex/latex/beamer/base/beamer.cls
(/user/mpavlova/home/texmf/tex/latex/beamer/base/beamerbasercs.sty
Package: beamerbasercs 2004/10/07 (rcs-revision 1.3)
)
Document Class: beamer 2004/10/11 cvs version 3.01 A class for typesetting pres
entations (rcs-revision 1.55)
(/user/mpavlova/home/texmf/tex/latex/beamer/base/beamerbasemodes.sty
Package: beamerbasemodes 2004/10/07 (rcs-revision 1.20)
\beamer@tempbox=\box26
\beamer@tempcount=\count79
\c@beamerpauses=\count80

(/user/mpavlova/home/texmf/tex/latex/beamer/base/beamerbasedecode.sty
Package: beamerbasedecode 2004/10/07 (rcs-revision 1.16)
\beamer@slideinframe=\count81
\beamer@minimum=\count82
)
\beamer@commentbox=\box27
\beamer@modecount=\count83
)
\headheight=\dimen102
\headdp=\dimen103
\footheight=\dimen104
\sidebarheight=\dimen105
\beamer@tempdim=\dimen106
\beamer@finalheight=\dimen107
\beamer@animht=\dimen108
\beamer@animdp=\dimen109
\beamer@animwd=\dimen110
\beamer@leftmargin=\dimen111
\beamer@rightmargin=\dimen112
\beamer@leftsidebar=\dimen113
\beamer@rightsidebar=\dimen114
\beamer@boxsize=\dimen115
\beamer@vboxoffset=\dimen116
\beamer@descdefault=\dimen117
\beamer@descriptionwidth=\dimen118
\beamer@lastskip=\skip41
\beamer@areabox=\box28
\beamer@animcurrent=\box29
\beamer@animshowbox=\box30
\beamer@sectionbox=\box31
\beamer@logobox=\box32
\beamer@linebox=\box33
\beamer@sectioncount=\count84
\beamer@subsectionmax=\count85
\beamer@sectionmax=\count86
\beamer@totalheads=\count87
\beamer@headcounter=\count88
\beamer@partstartpage=\count89
\beamer@sectionstartpage=\count90
\beamer@subsectionstartpage=\count91
\beamer@animationtempa=\count92
\beamer@animationtempb=\count93
\beamer@xpos=\count94
\beamer@ypos=\count95
\beamer@showpartnumber=\count96
\beamer@currentsubsection=\count97
\beamer@coveringdepth=\count98
\beamer@sectionadjust=\count99
\beamer@tocsectionnumber=\count100

(/user/mpavlova/home/texmf/tex/latex/beamer/base/beamerbaseoptions.sty
Package: beamerbaseoptions 2004/10/07 (rcs-revision 1.6)

(/usr/share/texmf/tex/latex/graphics/keyval.sty
Package: keyval 1999/03/16 v1.13 key=value parser (DPC)
\KV@toks@=\toks14
))
(/user/mpavlova/home/texmf/tex/latex/pgf-0.95/latex/pgf/basiclayer/pgf.sty
(/user/mpavlova/home/texmf/tex/latex/pgf-0.95/latex/pgf/utilities/pgfrcs.sty
(/user/mpavlova/home/texmf/tex/latex/pgf-0.95/generic/pgf/utilities/pgfrcs.code
.tex
Package: pgfrcs 2005/06/11 (rcs-revision 1.1)
))
Package: pgf 2005/06/11 (rcs-revision 1.1)

(/user/mpavlova/home/texmf/tex/latex/pgf-0.95/latex/pgf/basiclayer/pgfcore.sty
(/usr/share/texmf/tex/latex/graphics/graphicx.sty
Package: graphicx 1999/02/16 v1.0f Enhanced LaTeX Graphics (DPC,SPQR)

(/usr/share/texmf/tex/latex/graphics/graphics.sty
Package: graphics 2001/07/07 v1.0n Standard LaTeX Graphics (DPC,SPQR)

(/usr/share/texmf/tex/latex/graphics/trig.sty
Package: trig 1999/03/16 v1.09 sin cos tan (DPC)
)
(/usr/share/texmf/tex/latex/config/graphics.cfg
File: graphics.cfg 2001/08/31 v1.1 graphics configuration of teTeX/TeXLive
)
Package graphics Info: Driver file: dvips.def on input line 80.

(/usr/share/texmf/tex/latex/graphics/dvips.def
File: dvips.def 1999/02/16 v3.0i Driver-dependant file (DPC,SPQR)
))
\Gin@req@height=\dimen119
\Gin@req@width=\dimen120
)
(/user/mpavlova/home/texmf/tex/latex/pgf-0.95/latex/pgf/systemlayer/pgfsys.sty
(/user/mpavlova/home/texmf/tex/latex/pgf-0.95/generic/pgf/systemlayer/pgfsys.co
de.tex
Package: pgfsys 2005/06/11 (rcs-revision 1.1)
\pgf@x=\dimen121
\pgf@y=\dimen122
\pgf@xa=\dimen123
\pgf@ya=\dimen124
\pgf@xb=\dimen125
\pgf@yb=\dimen126
\pgf@xc=\dimen127
\pgf@yc=\dimen128

(/user/mpavlova/home/texmf/tex/latex/pgf-0.95/generic/pgf/systemlayer/pgf.cfg
File: pgf.cfg 2005/06/11 (rcs-revision 1.1)
)
Package pgfsys Info: Driver file for pgf: pgfsys-dvips.def on input line 680.

(/user/mpavlova/home/texmf/tex/latex/pgf-0.95/generic/pgf/systemlayer/pgfsys-dv
ips.def
File: pgfsys-dvips.def 2005/06/11 (rcs-revision 1.1)

(/user/mpavlova/home/texmf/tex/latex/pgf-0.95/generic/pgf/systemlayer/pgfsys-co
mmon-postscript.def
File: pgfsys-common-postscript.def 2005/06/11 (rcs-revision 1.1)
)
\pgf@objectcount=\count101
))
(/user/mpavlova/home/texmf/tex/latex/pgf-0.95/generic/pgf/systemlayer/pgfsyssof
tpath.code.tex
File: pgfsyssoftpath.code.tex 2005/06/11 (rcs-revision 1.1)
)
(/user/mpavlova/home/texmf/tex/latex/pgf-0.95/generic/pgf/systemlayer/pgfsyspro
tocol.code.tex
File: pgfsysprotocol.code.tex 2005/06/11 (rcs-revision 1.1)
)) (/user/mpavlova/home/texmf/tex/latex/xcolor/xcolor.sty
Package: xcolor 2004/07/04 v2.00 LaTeX color extensions (UK)

(/usr/share/texmf/tex/latex/config/color.cfg
File: color.cfg 2001/08/31 v1.1 color configuration of teTeX/TeXLive
)
Package xcolor Info: Driver file: dvips.def on input line 136.
Package xcolor Info: Color model `cmy' added on input line 972.
Package xcolor Info: Color model `HTML' added on input line 1000.
Package xcolor Info: Color model `HSB' added on input line 1006.
Package xcolor Info: Color model `Gray' added on input line 1012.
)
(/user/mpavlova/home/texmf/tex/latex/pgf-0.95/generic/pgf/basiclayer/pgfcore.co
de.tex
Package: pgfcore 2005/06/11 (rcs-revision 1.1)

(/user/mpavlova/home/texmf/tex/latex/pgf-0.95/generic/pgf/basiclayer/pgfcoremat
h.code.tex
File: pgfcoremath.code.tex 2005/06/11 (rcs-revision 1.1)
\c@pgf@counta=\count102
\c@pgf@countb=\count103
\c@pgf@countc=\count104
\c@pgf@countd=\count105
)
(/user/mpavlova/home/texmf/tex/latex/pgf-0.95/generic/pgf/basiclayer/pgfcorepoi
nts.code.tex
File: pgfcorepoints.code.tex 2005/06/11 (rcs-revision 1.1)
\pgf@picminx=\dimen129
\pgf@picmaxx=\dimen130
\pgf@picminy=\dimen131
\pgf@picmaxy=\dimen132
\pgf@pathminx=\dimen133
\pgf@pathmaxx=\dimen134
\pgf@pathminy=\dimen135
\pgf@pathmaxy=\dimen136
\pgf@tempdim=\dimen137
\c@pgf@tempcount=\count106
\pgf@xx=\dimen138
\pgf@xy=\dimen139
\pgf@yx=\dimen140
\pgf@yy=\dimen141
\pgf@zx=\dimen142
\pgf@zy=\dimen143
)
(/user/mpavlova/home/texmf/tex/latex/pgf-0.95/generic/pgf/basiclayer/pgfcorepat
hconstruction.code.tex
File: pgfcorepathconstruction.code.tex 2005/06/11 (rcs-revision 1.1)
\pgf@path@lastx=\dimen144
\pgf@path@lasty=\dimen145
)
(/user/mpavlova/home/texmf/tex/latex/pgf-0.95/generic/pgf/basiclayer/pgfcorepat
husage.code.tex
File: pgfcorepathusage.code.tex 2005/06/11 (rcs-revision 1.1)
\pgf@shorten@end@additional=\dimen146
\pgf@shorten@start@additional=\dimen147
)
(/user/mpavlova/home/texmf/tex/latex/pgf-0.95/generic/pgf/basiclayer/pgfcoresco
pes.code.tex
File: pgfcorescopes.code.tex 2005/06/11 (rcs-revision 1.1)
\pgfpic=\box34
\pgf@hbox=\box35
)
(/user/mpavlova/home/texmf/tex/latex/pgf-0.95/generic/pgf/basiclayer/pgfcoregra
phicstate.code.tex
File: pgfcoregraphicstate.code.tex 2005/06/11 (rcs-revision 1.1)
\pgflinewidth=\dimen148
)
(/user/mpavlova/home/texmf/tex/latex/pgf-0.95/generic/pgf/basiclayer/pgfcoretra
nsformations.code.tex
File: pgfcoretransformations.code.tex 2005/06/11 (rcs-revision 1.1)
\pgf@pt@x=\dimen149
\pgf@pt@y=\dimen150
\pgf@pt@temp=\dimen151
)
(/user/mpavlova/home/texmf/tex/latex/pgf-0.95/generic/pgf/basiclayer/pgfcorequi
ck.code.tex
File: pgfcorequick.code.tex 2005/06/11 (rcs-revision 1.1)
)
(/user/mpavlova/home/texmf/tex/latex/pgf-0.95/generic/pgf/basiclayer/pgfcoreobj
ects.code.tex
File: pgfcoreobjects.code.tex 2005/06/11 (rcs-revision 1.1)
)
(/user/mpavlova/home/texmf/tex/latex/pgf-0.95/generic/pgf/basiclayer/pgfcorepat
hprocessing.code.tex
File: pgfcorepathprocessing.code.tex 2005/06/11 (rcs-revision 1.1)
)
(/user/mpavlova/home/texmf/tex/latex/pgf-0.95/generic/pgf/basiclayer/pgfcorearr
ows.code.tex
File: pgfcorearrows.code.tex 2005/06/11 (rcs-revision 1.2)
)
(/user/mpavlova/home/texmf/tex/latex/pgf-0.95/generic/pgf/basiclayer/pgfcoresha
de.code.tex
File: pgfcoreshade.code.tex 2005/06/11 (rcs-revision 1.1)
\pgf@max=\dimen152
)))
(/user/mpavlova/home/texmf/tex/latex/pgf-0.95/latex/pgf/basiclayer/pgfbaseshape
s.sty
(/user/mpavlova/home/texmf/tex/latex/pgf-0.95/generic/pgf/basiclayer/pgfbasesha
pes.code.tex
Package: pgfbaseshapes 2005/06/11 (rcs-revision 1.1)
\pgfshapebox=\box36
))
(/user/mpavlova/home/texmf/tex/latex/pgf-0.95/latex/pgf/basiclayer/pgfbaseplot.
sty
(/user/mpavlova/home/texmf/tex/latex/pgf-0.95/generic/pgf/basiclayer/pgfbaseplo
t.code.tex
Package: pgfbaseplot 2005/06/11 (rcs-revision 1.1)
\pgf@plotwrite=\write3
))
(/user/mpavlova/home/texmf/tex/latex/pgf-0.95/latex/pgf/basiclayer/pgfbaseimage
.sty
(/user/mpavlova/home/texmf/tex/latex/pgf-0.95/generic/pgf/basiclayer/pgfbaseima
ge.code.tex
Package: pgfbaseimage 2005/06/12 (rcs-revision 1.2)
))
(/user/mpavlova/home/texmf/tex/latex/pgf-0.95/latex/pgf/compatibility/pgfcompat
ibility-version-0-65.sty
Package: pgfcompatibility-version-0-65 2005/06/11 (rcs-revision 1.2)
\pgf@nodesepstart=\dimen153
\pgf@nodesepend=\dimen154
))
(/user/mpavlova/home/texmf/tex/latex/pgf-0.95/latex/pgf/utilities/xxcolor.sty
Package: xxcolor 2003/10/24 ver 0.1
\XC@nummixins=\count107
\XC@countmixins=\count108
)
(/usr/share/texmf/tex/latex/amsfonts/amssymb.sty
Package: amssymb 2002/01/22 v2.2d

(/usr/share/texmf/tex/latex/amsfonts/amsfonts.sty
Package: amsfonts 2001/10/25 v2.2f
\@emptytoks=\toks15
\symAMSa=\mathgroup4
\symAMSb=\mathgroup5
LaTeX Font Info:    Overwriting math alphabet `\mathfrak' in version `bold'
(Font)                  U/euf/m/n --> U/euf/b/n on input line 132.
))
(/usr/share/texmf/tex/latex/misc/geometry.sty
Package: geometry 2002/07/08 v3.2 Page Geometry
\Gm@cnth=\count109
\Gm@cntv=\count110
\c@Gm@tempcnt=\count111
\Gm@bindingoffset=\dimen155
\Gm@wd@mp=\dimen156
\Gm@odd@mp=\dimen157
\Gm@even@mp=\dimen158
\Gm@dimlist=\toks16

(/usr/share/texmf/tex/latex/config/geometry.cfg
File: geometry.cfg 2001/06/05 v1.0 teTeX (uncustomised setup)
))
(/usr/share/texmf/tex/latex/hyperref/hyperref.sty
Package: hyperref 2003/01/22 v6.73n Hypertext links for LaTeX
\@linkdim=\dimen159
\Hy@linkcounter=\count112
\Hy@pagecounter=\count113

(/usr/share/texmf/tex/latex/hyperref/pd1enc.def
File: pd1enc.def 2003/01/22 v6.73n Hyperref: PDFDocEncoding definition (HO)
)
(/usr/share/texmf/tex/latex/config/hyperref.cfg
File: hyperref.cfg 2002/06/06 v1.2 hyperref configuration of TeXLive and teTeX
)
Package hyperref Info: Option `bookmarks' set `true' on input line 1744.
Package hyperref Info: Option `bookmarksopen' set `true' on input line 1744.
Package hyperref Info: Option `implicit' set `false' on input line 1744.
Package hyperref Info: Hyper figures OFF on input line 1792.
Package hyperref Info: Link nesting OFF on input line 1797.
Package hyperref Info: Hyper index ON on input line 1800.
Package hyperref Info: Plain pages ON on input line 1805.
Package hyperref Info: Backreferencing OFF on input line 1812.

Implicit mode OFF; no redefinition of LaTeX internals
Package hyperref Info: Bookmarks ON on input line 1916.
(/usr/share/texmf/tex/latex/html/url.sty
Package: url 1999/03/02  ver 1.4  Verb mode for urls, email addresses, and file
 names
)
LaTeX Info: Redefining \url on input line 2055.
\Fld@menulength=\count114
\Field@Width=\dimen160
\Fld@charsize=\dimen161
\Choice@toks=\toks17
\Field@toks=\toks18
Package hyperref Info: Hyper figures OFF on input line 2513.
Package hyperref Info: Link nesting OFF on input line 2518.
Package hyperref Info: Hyper index ON on input line 2521.
Package hyperref Info: backreferencing OFF on input line 2528.
Package hyperref Info: Link coloring OFF on input line 2533.

Hyperref stopped early
)
*hyperref using default driver hdvips*
(/usr/share/texmf/tex/latex/hyperref/hdvips.def
File: hdvips.def 2003/01/22 v6.73n Hyperref driver for dvips

(/usr/share/texmf/tex/latex/hyperref/pdfmark.def
File: pdfmark.def 2003/01/22 v6.73n Hyperref definitions for pdfmark specials
\pdf@docset=\toks19
\pdf@box=\box37
\pdf@toks=\toks20
\pdf@defaulttoks=\toks21
\Fld@listcount=\count115
\@outlinefile=\write4
))
(/usr/share/texmf/tex/latex/base/size11.clo
File: size11.clo 2001/04/21 v1.4e Standard LaTeX file (size option)
)
(/user/mpavlova/home/texmf/tex/latex/beamer/base/beamerbasecompatibility.sty
Package: beamerbasecompatibility 2004/11/01 (rcs-revision 1.56)
)
(/user/mpavlova/home/texmf/tex/latex/beamer/base/beamerbasefont.sty
Package: beamerbasefont 2004/10/07 (rcs-revision 1.11)
LaTeX Font Info:    Overwriting symbol font `operators' in version `normal'
(Font)                  OT1/cmr/m/n --> OT1/cmss/m/n on input line 170.
LaTeX Font Info:    Overwriting symbol font `operators' in version `bold'
(Font)                  OT1/cmr/bx/n --> OT1/cmss/bx/n on input line 173.
)
(/user/mpavlova/home/texmf/tex/latex/beamer/base/beamerbasemisc.sty
Package: beamerbasemisc 2004/10/07 (rcs-revision 1.19)
)
(/user/mpavlova/home/texmf/tex/latex/beamer/base/beamerbaseoverlay.sty
Package: beamerbaseoverlay 2004/10/26 (rcs-revision 1.47)
\beamer@argscount=\count116
\beamer@lastskipcover=\skip42
\beamer@trivlistdepth=\count117
)
(/user/mpavlova/home/texmf/tex/latex/beamer/base/beamerbasetitle.sty
Package: beamerbasetitle 2004/11/01 (rcs-revision 1.22)
)
(/user/mpavlova/home/texmf/tex/latex/beamer/base/beamerbasesection.sty
Package: beamerbasesection 2004/10/14 (rcs-revision 1.15)
\c@lecture=\count118
\c@part=\count119
\c@section=\count120
\c@subsection=\count121
)
(/user/mpavlova/home/texmf/tex/latex/beamer/base/beamerbaseframe.sty
Package: beamerbaseframe 2004/11/01 (rcs-revision 1.47)
\beamer@framebox=\box38
\beamer@frametitlebox=\box39
\beamer@zoombox=\box40
\beamer@zoomcount=\count122
\beamer@zoomframecount=\count123
\beamer@frametextheight=\dimen162
\c@subsectionslide=\count124
\beamer@frametopskip=\skip43
\beamer@framebottomskip=\skip44
\beamer@frametopskipautobreak=\skip45
\beamer@framebottomskipautobreak=\skip46
\beamer@envbody=\toks22
\c@framenumber=\count125
)
(/user/mpavlova/home/texmf/tex/latex/beamer/base/beamerbaseverbatim.sty
Package: beamerbaseverbatim 2004/10/13 (rcs-revision 1.2)
\beamer@verbatimfileout=\write5
)
(/user/mpavlova/home/texmf/tex/latex/beamer/base/beamerbaseframesize.sty
Package: beamerbaseframesize 2004/10/20 (rcs-revision 1.9)
\beamer@splitbox=\box41
\beamer@autobreakcount=\count126
\beamer@frametitletoks=\toks23
\beamer@framesubtitletoks=\toks24
)
(/user/mpavlova/home/texmf/tex/latex/beamer/base/beamerbaseframecomponents.sty
Package: beamerbaseframecomponents 2004/11/01 (rcs-revision 1.39)
\beamer@footins=\box42
) (/user/mpavlova/home/texmf/tex/latex/beamer/base/beamerbasecolor.sty
Package: beamerbasecolor 2004/10/28 (rcs-revision 1.38)

! Undefined control sequence.
l.346 \ifcase\pdfoutput
                       
? 
! Missing number, treated as zero.
<to be read again> 
                   \def 
l.347   \def
            \beamer@postscriptcolorhack{%
? 
) (/user/mpavlova/home/texmf/tex/latex/beamer/base/beamerbasenotes.sty
Package: beamerbasenotes 2004/10/08 (rcs-revision 1.14)
\beamer@frameboxcopy=\box43
)
(/user/mpavlova/home/texmf/tex/latex/beamer/base/beamerbasetoc.sty
Package: beamerbasetoc 2004/10/07 (rcs-revision 1.19)
)
(/user/mpavlova/home/texmf/tex/latex/beamer/base/beamerbasetemplates.sty
Package: beamerbasetemplates 2004/10/07 (rcs-revision 1.50)
\beamer@sbttoks=\toks25

(/user/mpavlova/home/texmf/tex/latex/beamer/base/beamerbaseauxtemplates.sty
Package: beamerbaseauxtemplates 2004/10/28 (rcs-revision 1.21)

(/user/mpavlova/home/texmf/tex/latex/pgf-0.95/latex/pgf/compatibility/pgfshade.
sty
Package: pgfshade 2005/06/11 (rcs-revision 1.2)


Package pgfshade Warning: This package is obsolete. pgf.sty will load shade man
agement automatically on input line 13.

) (/user/mpavlova/home/texmf/tex/latex/beamer/base/beamerbaseboxes.sty
Package: beamerbaseboxes 2004/10/28 (rcs-revision 1.22)
\bmb@box=\box44
\bmb@colorbox=\box45
\bmb@boxshadow=\box46
\bmb@boxshadowball=\box47
\bmb@boxshadowballlarge=\box48
\bmb@temp=\dimen163
\bmb@dima=\dimen164
\bmb@dimb=\dimen165
\bmb@prevheight=\dimen166
)
\beamer@blockheadheight=\dimen167
))
(/user/mpavlova/home/texmf/tex/latex/beamer/base/beamerbaselocalstructure.sty
Package: beamerbaselocalstructure 2004/11/01 (rcs-revision 1.50)

(/usr/share/texmf/tex/latex/tools/enumerate.sty
Package: enumerate 1999/03/05 v3.00 enumerate extensions (DPC)
\@enLab=\toks26
)
\c@figure=\count127
\c@table=\count128
\abovecaptionskip=\skip47
\belowcaptionskip=\skip48
)
(/user/mpavlova/home/texmf/tex/latex/beamer/base/beamerbasenavigation.sty
Package: beamerbasenavigation 2004/11/01 (rcs-revision 1.30)
)
(/user/mpavlova/home/texmf/tex/latex/beamer/base/beamerbasetheorems.sty
Package: beamerbasetheorems 2004/10/07 (rcs-revision 1.6)

(/usr/share/texmf/tex/latex/amsmath/amsmath.sty
Package: amsmath 2000/07/18 v2.13 AMS math features
\@mathmargin=\skip49

For additional information on amsmath, use the `?' option.
(/usr/share/texmf/tex/latex/amsmath/amstext.sty
Package: amstext 2000/06/29 v2.01

(/usr/share/texmf/tex/latex/amsmath/amsgen.sty
File: amsgen.sty 1999/11/30 v2.0
\@emptytoks=\toks27
\ex@=\dimen168
))
(/usr/share/texmf/tex/latex/amsmath/amsbsy.sty
Package: amsbsy 1999/11/29 v1.2d
\pmbraise@=\dimen169
)
(/usr/share/texmf/tex/latex/amsmath/amsopn.sty
Package: amsopn 1999/12/14 v2.01 operator names
)
\inf@bad=\count129
LaTeX Info: Redefining \frac on input line 211.
\uproot@=\count130
\leftroot@=\count131
LaTeX Info: Redefining \overline on input line 307.
\classnum@=\count132
\DOTSCASE@=\count133
LaTeX Info: Redefining \ldots on input line 379.
LaTeX Info: Redefining \dots on input line 382.
LaTeX Info: Redefining \cdots on input line 467.
\Mathstrutbox@=\box49
\strutbox@=\box50
\big@size=\dimen170
LaTeX Font Info:    Redeclaring font encoding OML on input line 567.
LaTeX Font Info:    Redeclaring font encoding OMS on input line 568.
\macc@depth=\count134
\c@MaxMatrixCols=\count135
\dotsspace@=\muskip10
\c@parentequation=\count136
\dspbrk@lvl=\count137
\tag@help=\toks28
\row@=\count138
\column@=\count139
\maxfields@=\count140
\andhelp@=\toks29
\eqnshift@=\dimen171
\alignsep@=\dimen172
\tagshift@=\dimen173
\tagwidth@=\dimen174
\totwidth@=\dimen175
\lineht@=\dimen176
\@envbody=\toks30
\multlinegap=\skip50
\multlinetaggap=\skip51
\mathdisplay@stack=\toks31
LaTeX Info: Redefining \[ on input line 2666.
LaTeX Info: Redefining \] on input line 2667.
)
(/usr/share/texmf/tex/latex/amscls/amsthm.sty
Package: amsthm 2000/10/26 v2.08
\thm@style=\toks32
\thm@bodyfont=\toks33
\thm@headfont=\toks34
\thm@notefont=\toks35
\thm@headpunct=\toks36
\thm@preskip=\skip52
\thm@postskip=\skip53
\thm@headsep=\skip54
\dth@everypar=\toks37
)
\c@theorem=\count141
)
(/user/mpavlova/home/texmf/tex/latex/beamer/base/beamerbasethemes.sty
Package: beamerbasethemes 2004/10/07 (rcs-revision 1.9)
)
(/user/mpavlova/home/texmf/tex/latex/beamer/themes/theme/beamerthemedefault.sty
Package: beamerthemedefault 2004/10/07 (rcs-revision 1.6)

(/user/mpavlova/home/texmf/tex/latex/beamer/themes/font/beamerfontthemedefault.
sty
Package: beamerfontthemedefault 2004/10/07 (rcs-revision 1.10)
)
(/user/mpavlova/home/texmf/tex/latex/beamer/themes/color/beamercolorthemedefaul
t.sty
Package: beamercolorthemedefault 2004/10/07 (rcs-revision 1.25)
)
(/user/mpavlova/home/texmf/tex/latex/beamer/themes/inner/beamerinnerthemedefaul
t.sty
Package: beamerinnerthemedefault 2004/10/28 (rcs-revision 1.16)
\beamer@dima=\dimen177
\beamer@dimb=\dimen178
)
(/user/mpavlova/home/texmf/tex/latex/beamer/themes/outer/beamerouterthemedefaul
t.sty
Package: beamerouterthemedefault 2004/10/07 (rcs-revision 1.6)
)))
(/user/mpavlova/home/texmf/tex/latex/beamer/themes/theme/beamerthemeJuanLesPins
.sty
Package: beamerthemeJuanLesPins 2004/10/07 (rcs-revision 1.8)

(/user/mpavlova/home/texmf/tex/latex/beamer/themes/outer/beamerouterthemesmooth
tree.sty
Package: beamerouterthemesmoothtree 2004/10/14 (rcs-revision 1.4)
)
(/user/mpavlova/home/texmf/tex/latex/beamer/themes/color/beamercolorthemewhale.
sty
Package: beamercolorthemewhale 2004/10/07 (rcs-revision 1.3)
)
(/user/mpavlova/home/texmf/tex/latex/beamer/themes/color/beamercolorthemeorchid
.sty
Package: beamercolorthemeorchid 2004/10/07 (rcs-revision 1.2)
)
(/user/mpavlova/home/texmf/tex/latex/beamer/themes/inner/beamerinnerthemerounde
d.sty
Package: beamerinnerthemerounded 2004/10/07 (rcs-revision 1.4)
)) (/usr/share/texmf/tex/latex/listings/listings.sty
Package: listings 2002/04/01 1.0 (Carsten Heinz)
\lst@mode=\count142
\lst@gtempboxa=\box51
\lst@token=\toks38
\lst@length=\count143
\lst@currlwidth=\dimen179
\lst@column=\count144
\lst@pos=\count145
\lst@lostspace=\dimen180
\lst@width=\dimen181
\lst@newlines=\count146
\lst@lineno=\count147
\c@lstlisting=\count148
\lst@maxwidth=\dimen182

(/user/mpavlova/home/lib/latex/lstpatch.sty

***
*** This is a patch for listings 1.3, but you're using
*** version 1.0.
***
*** Patch file not loaded.
***

) (/usr/share/texmf/tex/latex/listings/lstmisc.sty
File: lstmisc.sty 2002/04/01 1.0 (Carsten Heinz)
\c@lstnumber=\count149
\lst@skipnumbers=\count150
\lst@framebox=\box52
)
(/usr/share/texmf/tex/latex/listings/listings.cfg
File: listings.cfg 2002/04/01 v1.0 listings configuration
))
(/usr/share/texmf/tex/latex/psnfss/times.sty
Package: times 2002/09/08 PSNFSS-v9.0a (SPQR) 
)
(/user/mpavlova/home/texmf/tex/latex/beamer/themes/font/beamerfontthemestructur
ebold.sty
Package: beamerfontthemestructurebold 2004/10/07 (rcs-revision 1.2)
) (/usr/share/texmf/tex/generic/babel/babel.sty
Package: babel 2001/03/01 v3.7h The Babel package

(/usr/share/texmf/tex/generic/babel/english.ldf
Language: english 2001/04/15 v3.3l English support from the babel system

(/usr/share/texmf/tex/generic/babel/babel.def
File: babel.def 2001/03/01 v3.7h Babel common definitions
LaTeX Info: Redefining \textlatin on input line 60.
\babel@savecnt=\count151
\U@D=\dimen183
)
\l@canadian = a dialect from \language\l@english 
))
(/user/mpavlova/home/texmf/tex/latex/pgf-0.95/latex/pgf/compatibility/pgfarrows
.sty
Package: pgfarrows 2005/06/11 (rcs-revision 1.2)


Package pgfarrows Warning: This package is obsolete. pgf.sty will load arrow ma
nagement automatically on input line 13.

)
(/user/mpavlova/home/texmf/tex/latex/pgf-0.95/latex/pgf/compatibility/pgfnodes.
sty
Package: pgfnodes 2005/06/11 (rcs-revision 1.2)


Package pgfnodes Warning: This package is obsolete. pgf.sty will load node mana
gement automatically on input line 13.

)
(/user/mpavlova/home/texmf/tex/latex/pgf-0.95/latex/pgf/compatibility/pgfautoma
ta.sty
Package: pgfautomata 2005/06/11 (rcs-revision 1.2)


Package pgfautomata Warning: This package is obsolete. on input line 14.

\pgf@stateradius=\dimen184
\pgf@mooreradius=\dimen185
\pgf@doublethickness=\dimen186
\pgf@statebackoff=\dimen187
)
(/user/mpavlova/home/texmf/tex/latex/pgf-0.95/latex/pgf/compatibility/pgfheaps.
sty
Package: pgfheaps 2005/06/11 (rcs-revision 1.2)


Package pgfheaps Warning: This package is obsolete. on input line 12.

\pgf@heapx=\dimen188
\pgf@heapy=\dimen189
) (/usr/share/texmf/tex/latex/graphics/epsfig.sty
Package: epsfig 1999/02/16 v1.7a (e)psfig emulation (SPQR)
\epsfxsize=\dimen190
\epsfysize=\dimen191
)
(/usr/share/texmf/tex/latex/base/inputenc.sty
Package: inputenc 2001/07/10 v0.99a Input encoding file 

(/usr/share/texmf/tex/latex/base/latin1.def
File: latin1.def 2001/07/10 v0.99a Input encoding file 
))
No file JVC.aux.
\openout1 = `JVC.aux'.

LaTeX Font Info:    Checking defaults for OML/cmm/m/it on input line 24.
LaTeX Font Info:    ... okay on input line 24.
LaTeX Font Info:    Checking defaults for T1/cmr/m/n on input line 24.
LaTeX Font Info:    ... okay on input line 24.
LaTeX Font Info:    Checking defaults for OT1/cmr/m/n on input line 24.
LaTeX Font Info:    ... okay on input line 24.
LaTeX Font Info:    Checking defaults for OMS/cmsy/m/n on input line 24.
LaTeX Font Info:    ... okay on input line 24.
LaTeX Font Info:    Checking defaults for OMX/cmex/m/n on input line 24.
LaTeX Font Info:    ... okay on input line 24.
LaTeX Font Info:    Checking defaults for U/cmr/m/n on input line 24.
LaTeX Font Info:    ... okay on input line 24.
LaTeX Font Info:    Checking defaults for PD1/pdf/m/n on input line 24.
LaTeX Font Info:    ... okay on input line 24.
LaTeX Font Info:    Try loading font information for OT1+phv on input line 24.
(/usr/share/texmf/tex/latex/psnfss/ot1phv.fd
File: ot1phv.fd 2001/06/04 scalable font definitions for OT1/phv.
)
-------------------- Geometry parameters
paper: user defined
landscape: --
twocolumn: --
twoside: --
asymmetric: --
h-parts: 28.45274pt, 307.28987pt, 28.45274pt
v-parts: 0.0pt, 273.14662pt, 0.0pt
hmarginratio: --
vmarginratio: --
lines: --
heightrounded: --
bindingoffset: 0.0pt
truedimen: --
includehead: true
includefoot: true
includemp: --
driver: 
-------------------- Page layout dimensions and switches
\paperwidth  364.19536pt
\paperheight 273.14662pt
\textwidth  307.28987pt
\textheight 244.6939pt
\oddsidemargin  -43.81725pt
\evensidemargin -43.81725pt
\topmargin  -72.26999pt
\headheight 14.22636pt
\headsep    0.0pt
\footskip   14.22636pt
\marginparwidth 4.0pt
\marginparsep   10.0pt
\columnsep  10.0pt
\skip\footins  10.0pt plus 4.0pt minus 2.0pt
\hoffset 0.0pt
\voffset 0.0pt
\mag 1000

(1in=72.27pt, 1cm=28.45pt)
-----------------------
Package hyperref Info: Link coloring OFF on input line 24.

(/usr/share/texmf/tex/latex/hyperref/nameref.sty
Package: nameref 2001/01/27 v2.19 Cross-referencing by name of section
\c@section@level=\count152
)
LaTeX Info: Redefining \ref on input line 24.
LaTeX Info: Redefining \pageref on input line 24.
\openout4 = `JVC.out'.

\symnumbers=\mathgroup6
\sympureletters=\mathgroup7
LaTeX Font Info:    Overwriting math alphabet `\mathrm' in version `normal'
(Font)                  OT1/cmss/m/n --> OT1/ptm/m/n on input line 24.
LaTeX Font Info:    Redeclaring math alphabet \mathbf on input line 24.
LaTeX Font Info:    Overwriting math alphabet `\mathbf' in version `normal'
(Font)                  OT1/cmr/bx/n --> OT1/phv/bx/n on input line 24.
LaTeX Font Info:    Overwriting math alphabet `\mathbf' in version `bold'
(Font)                  OT1/cmr/bx/n --> OT1/phv/bx/n on input line 24.
LaTeX Font Info:    Redeclaring math alphabet \mathsf on input line 24.
LaTeX Font Info:    Overwriting math alphabet `\mathsf' in version `normal'
(Font)                  OT1/cmss/m/n --> OT1/phv/m/n on input line 24.
LaTeX Font Info:    Overwriting math alphabet `\mathsf' in version `bold'
(Font)                  OT1/cmss/bx/n --> OT1/phv/m/n on input line 24.
LaTeX Font Info:    Redeclaring math alphabet \mathit on input line 24.
LaTeX Font Info:    Overwriting math alphabet `\mathit' in version `normal'
(Font)                  OT1/cmr/m/it --> OT1/phv/m/it on input line 24.
LaTeX Font Info:    Overwriting math alphabet `\mathit' in version `bold'
(Font)                  OT1/cmr/bx/it --> OT1/phv/m/it on input line 24.
LaTeX Font Info:    Redeclaring math alphabet \mathtt on input line 24.
LaTeX Font Info:    Overwriting math alphabet `\mathtt' in version `normal'
(Font)                  OT1/cmtt/m/n --> OT1/pcr/m/n on input line 24.
LaTeX Font Info:    Overwriting math alphabet `\mathtt' in version `bold'
(Font)                  OT1/cmtt/m/n --> OT1/pcr/m/n on input line 24.
LaTeX Font Info:    Overwriting symbol font `numbers' in version `bold'
(Font)                  OT1/phv/m/n --> OT1/phv/bx/n on input line 24.
LaTeX Font Info:    Overwriting symbol font `pureletters' in version `bold'
(Font)                  OT1/phv/m/it --> OT1/phv/bx/it on input line 24.
LaTeX Font Info:    Overwriting math alphabet `\mathrm' in version `bold'
(Font)                  OT1/cmss/bx/n --> OT1/ptm/bx/n on input line 24.
LaTeX Font Info:    Overwriting math alphabet `\mathbf' in version `bold'
(Font)                  OT1/phv/bx/n --> OT1/phv/bx/n on input line 24.
LaTeX Font Info:    Overwriting math alphabet `\mathsf' in version `bold'
(Font)                  OT1/phv/m/n --> OT1/phv/bx/n on input line 24.
LaTeX Font Info:    Overwriting math alphabet `\mathit' in version `bold'
(Font)                  OT1/phv/m/it --> OT1/phv/bx/it on input line 24.
LaTeX Font Info:    Overwriting math alphabet `\mathtt' in version `bold'
(Font)                  OT1/pcr/m/n --> OT1/pcr/bx/n on input line 24.
LaTeX Font Info:    Font shape `OT1/phv/bx/n' in size <6> not available
(Font)              Font shape `OT1/phv/b/n' tried instead on input line 24.

No file JVC.nav.

Package hyperref Warning: Option `pdfauthor' has already been used,
(hyperref)                setting the option has no effect on input line 26.

LaTeX Font Info:    Font shape `OT1/phv/bx/n' in size <10.95> not available
(Font)              Font shape `OT1/phv/b/n' tried instead on input line 29.
LaTeX Font Info:    Font shape `OT1/phv/bx/n' in size <14.4> not available
(Font)              Font shape `OT1/phv/b/n' tried instead on input line 29.
LaTeX Font Info:    Font shape `OT1/phv/bx/n' in size <4> not available
(Font)              Font shape `OT1/phv/b/n' tried instead on input line 29.
[1

]
No file JVC.toc.
[2

] [3

]
LaTeX Font Info:    Font shape `OT1/phv/bx/n' in size <10> not available
(Font)              Font shape `OT1/phv/b/n' tried instead on input line 97.
 [4

]
LaTeX Font Info:    Try loading font information for OML+phv on input line 104.

 (/usr/share/texmf/tex/latex/psnfss/omlphv.fd
File: omlphv.fd 
)
LaTeX Font Info:    Font shape `OML/phv/m/n' in size <8> not available
(Font)              Font shape `OML/cmm/m/it' tried instead on input line 104.
LaTeX Font Info:    Try loading font information for OMS+phv on input line 105.


(/usr/share/texmf/tex/latex/psnfss/omsphv.fd
File: omsphv.fd 
)
LaTeX Font Info:    Font shape `OMS/phv/m/n' in size <8> not available
(Font)              Font shape `OMS/cmsy/m/n' tried instead on input line 105.
LaTeX Font Info:    Try loading font information for U+msa on input line 110.

(/usr/share/texmf/tex/latex/amsfonts/umsa.fd
File: umsa.fd 2002/01/19 v2.2g AMS font definitions
)
LaTeX Font Info:    Try loading font information for U+msb on input line 110.

(/usr/share/texmf/tex/latex/amsfonts/umsb.fd
File: umsb.fd 2002/01/19 v2.2g AMS font definitions
)
LaTeX Font Info:    Font shape `OT1/phv/m/it' in size <8> not available
(Font)              Font shape `OT1/phv/m/sl' tried instead on input line 110.
LaTeX Font Info:    Font shape `OT1/phv/m/it' in size <6> not available
(Font)              Font shape `OT1/phv/m/sl' tried instead on input line 110.
LaTeX Font Info:    Font shape `OT1/phv/m/it' in size <5> not available
(Font)              Font shape `OT1/phv/m/sl' tried instead on input line 110.

! Missing } inserted.
<inserted text> 
                }
l.116 \end{example}
                   
? 
[5

] [6

] [7

] [8

] [9

]
No file JVC.toc.
[10

] [11

] [12

]

LaTeX Warning: File `architecture.eps' not found on input line 210.


! LaTeX Error: File `architecture.eps' not found.

See the LaTeX manual or LaTeX Companion for explanation.
Type  H <return>  for immediate help.
 ...                                              
                                                  
l.210 }
       
? 

! LaTeX Error: Cannot determine size of graphic in architecture.eps (no Boundin
gBox).

See the LaTeX manual or LaTeX Companion for explanation.
Type  H <return>  for immediate help.
 ...                                              
                                                  
l.210 }
       
? 
File: architecture.eps Graphic file (type eps)
<architecture.eps>
Overfull \vbox (6.91838pt too high) detected at line 210
 []

[13

]
No file JVC.toc.
[14

] [15

] [16

] [17

]
Overfull \vbox (19.3035pt too high) detected at line 284
 []

[18

]

Class beamer Warning: Frame text is shrunk by a factor of 14.84833 percent inst
ead of 0 percent on input line 312.

[19

] [20

] [21

] [22

]
No file JVC.toc.
[23

] [24

] [25

] [26

]
\tf@nav=\write6
\openout6 = `JVC.nav'.

\tf@toc=\write7
\openout7 = `JVC.toc'.

\tf@snm=\write8
\openout8 = `JVC.snm'.

 (./JVC.aux) ) 
Here is how much of TeX's memory you used:
 9261 strings out of 95847
 165516 string characters out of 1195948
 273989 words of memory out of 1000001
 11883 multiletter control sequences out of 10000+50000
 16622 words of font info for 46 fonts, out of 500000 for 1000
 14 hyphenation exceptions out of 1000
 46i,15n,56p,368b,1235s stack positions out of 1500i,500n,5000p,200000b,5000s

Output written on JVC.dvi (26 pages, 374384 bytes).
