This is TeX, Version 3.14159 (Web2C 7.4.5) (format=latex 2003.8.8)  12 DEC 2005 10:47
**slides.tex
(./slides.tex
LaTeX2e <2001/06/01>
Babel <v3.7h> and hyphenation patterns for american, french, german, ngerman, n
ohyphenation, loaded.
(/user/jcharles/home/lib/latex/seminar.cls
Document Class: seminar 1997/10/13, 1.4
Document Style: `seminar' v1.4 <1997/10/13> (tvz)
\slidewidth=\dimen102
\slideheight=\dimen103
\footheight=\dimen104
(/usr/share/texmf/tex/latex/base/article.cls
Document Class: article 2001/04/21 v1.4e Standard LaTeX document class
(/usr/share/texmf/tex/latex/base/size10.clo
File: size10.clo 2001/04/21 v1.4e Standard LaTeX file (size option)
)
\c@part=\count79
\c@section=\count80
\c@subsection=\count81
\c@subsubsection=\count82
\c@paragraph=\count83
\c@subparagraph=\count84
\c@figure=\count85
\c@table=\count86
\abovecaptionskip=\skip41
\belowcaptionskip=\skip42
\bibindent=\dimen105
)
(/user/jcharles/home/lib/latex/sem-page.sty)
\before@document=\toks14
\after@document=\toks15
\before@enddocument=\toks16
\c@slide=\count87
\slide@count=\count88
\@slidebox=\box26
\not@slidebox=\box27
\slide@hook=\toks17
\after@slide=\toks18
\slide@footins=\insert233
\slide@listdepth=\count89
\saved@specials=\box28
\before@newslide=\toks19
\after@slidepage=\toks20
\slidesep=\skip43
\c@note=\count90
\slideframewidth=\dimen106
\slideframesep=\dimen107
\semin=\dimen108
\semcm=\dimen109
)
(/usr/share/texmf/tex/latex/config/seminar.con)
(/usr/share/texmf/tex/generic/babel/babel.sty
Package: babel 2001/03/01 v3.7h The Babel package

(/usr/share/texmf/tex/generic/babel/frenchb.ldf
Language: french 2001/09/09 v1.5g French support from the babel system

(/usr/share/texmf/tex/generic/babel/babel.def
File: babel.def 2001/03/01 v3.7h Babel common definitions
\babel@savecnt=\count91
\U@D=\dimen110
)
Package babel Info: Making : an active character on input line 199.
Package babel Info: Making ; an active character on input line 200.
Package babel Info: Making ! an active character on input line 201.
Package babel Info: Making ? an active character on input line 202.

*************************************
* Local config file frenchb.cfg used
*
(/usr/share/texmf/tex/generic/babel/frenchb.cfg)))
(/usr/share/texmf/tex/latex/amsmath/amsmath.sty
Package: amsmath 2000/07/18 v2.13 AMS math features
\@mathmargin=\skip44

For additional information on amsmath, use the `?' option.
(/usr/share/texmf/tex/latex/amsmath/amstext.sty
Package: amstext 2000/06/29 v2.01

(/usr/share/texmf/tex/latex/amsmath/amsgen.sty
File: amsgen.sty 1999/11/30 v2.0
\@emptytoks=\toks21
\ex@=\dimen111
))
(/usr/share/texmf/tex/latex/amsmath/amsbsy.sty
Package: amsbsy 1999/11/29 v1.2d
\pmbraise@=\dimen112
)
(/usr/share/texmf/tex/latex/amsmath/amsopn.sty
Package: amsopn 1999/12/14 v2.01 operator names
)
\inf@bad=\count92
LaTeX Info: Redefining \frac on input line 211.
\uproot@=\count93
\leftroot@=\count94
LaTeX Info: Redefining \overline on input line 307.
\classnum@=\count95
\DOTSCASE@=\count96
LaTeX Info: Redefining \ldots on input line 379.
LaTeX Info: Redefining \dots on input line 382.
LaTeX Info: Redefining \cdots on input line 467.
\Mathstrutbox@=\box29
\strutbox@=\box30
\big@size=\dimen113
LaTeX Font Info:    Redeclaring font encoding OML on input line 567.
LaTeX Font Info:    Redeclaring font encoding OMS on input line 568.
\macc@depth=\count97
\c@MaxMatrixCols=\count98
\dotsspace@=\muskip10
\c@parentequation=\count99
\dspbrk@lvl=\count100
\tag@help=\toks22
\row@=\count101
\column@=\count102
\maxfields@=\count103
\andhelp@=\toks23
\eqnshift@=\dimen114
\alignsep@=\dimen115
\tagshift@=\dimen116
\tagwidth@=\dimen117
\totwidth@=\dimen118
\lineht@=\dimen119
\@envbody=\toks24
\multlinegap=\skip45
\multlinetaggap=\skip46
\mathdisplay@stack=\toks25
LaTeX Info: Redefining \[ on input line 2666.
LaTeX Info: Redefining \] on input line 2667.
)
(/usr/share/texmf/tex/latex/graphics/graphicx.sty
Package: graphicx 1999/02/16 v1.0f Enhanced LaTeX Graphics (DPC,SPQR)

(/usr/share/texmf/tex/latex/graphics/keyval.sty
Package: keyval 1999/03/16 v1.13 key=value parser (DPC)
\KV@toks@=\toks26
)
(/usr/share/texmf/tex/latex/graphics/graphics.sty
Package: graphics 2001/07/07 v1.0n Standard LaTeX Graphics (DPC,SPQR)

(/usr/share/texmf/tex/latex/graphics/trig.sty
Package: trig 1999/03/16 v1.09 sin cos tan (DPC)
)
(/usr/share/texmf/tex/latex/config/graphics.cfg
File: graphics.cfg 2001/08/31 v1.1 graphics configuration of teTeX/TeXLive
)
Package graphics Info: Driver file: dvips.def on input line 80.

(/usr/share/texmf/tex/latex/graphics/dvips.def
File: dvips.def 1999/02/16 v3.0i Driver-dependant file (DPC,SPQR)
))
\Gin@req@height=\dimen120
\Gin@req@width=\dimen121
) (./panther-slides.sty
(/usr/share/texmf/tex/latex/html/url.sty
Package: url 1999/03/02  ver 1.4  Verb mode for urls, email addresses, and file
 names
)
(/usr/share/texmf/tex/latex/pstricks/pstricks.sty
Package: pstricks 1997/03/25 package wrapper for PSTricks pstricks.tex

(/usr/share/texmf/tex/generic/pstricks/pstricks.tex
`PSTricks' v97 patch 14  <1999/12/23> (tvz)
\pst@dima=\dimen122
\pst@dimb=\dimen123
\pst@dimc=\dimen124
\pst@dimd=\dimen125
\pst@dimg=\dimen126
\pst@dimh=\dimen127
\pst@hbox=\box31
\pst@boxg=\box32
\pst@cnta=\count104
\pst@cntb=\count105
\pst@cntc=\count106
\pst@cntd=\count107
\pst@cntg=\count108
\pst@cnth=\count109
\pst@toks=\toks27
(/usr/share/texmf/tex/generic/pstricks/pstricks.con)
\psunit=\dimen128
\psxunit=\dimen129
\psyunit=\dimen130
\pslinewidth=\dimen131
\pst@customdefs=\toks28
\pslinearc=\dimen132
\everypsbox=\toks29
\psframesep=\dimen133
\pslabelsep=\dimen134
\theoverlaybox=\box33
))
(/user/jcharles/home/lib/latex/slidesec.sty
File `slidesec.sty' v0.9  92/05/07  <tvz>
\@temptokenb=\toks30
\c@slidesection=\count110
\c@slidesubsection=\count111
) (/usr/share/texmf/tex/latex/fancyvrb/fancyvrb.sty
Package: fancyvrb 2000/03/21

Style option: `fancyvrb' v2.7, with DG/SPQR fixes <2000/03/21> (tvz)
\FV@CodeLineNo=\count112
\FV@InFile=\read1
\FV@TabBox=\box34
\c@FancyVerbLine=\count113
\FV@StepNumber=\count114
\FV@OutFile=\write3
)
(/usr/share/texmf/tex/latex/graphics/epsfig.sty
Package: epsfig 1999/02/16 v1.7a (e)psfig emulation (SPQR)
\epsfxsize=\dimen135
\epsfysize=\dimen136
)) (./slides.aux)
\openout1 = `slides.aux'.

LaTeX Font Info:    Checking defaults for OML/cmm/m/it on input line 9.
LaTeX Font Info:    ... okay on input line 9.
LaTeX Font Info:    Checking defaults for T1/cmr/m/n on input line 9.
LaTeX Font Info:    ... okay on input line 9.
LaTeX Font Info:    Checking defaults for OT1/cmr/m/n on input line 9.
LaTeX Font Info:    ... okay on input line 9.
LaTeX Font Info:    Checking defaults for OMS/cmsy/m/n on input line 9.
LaTeX Font Info:    ... okay on input line 9.
LaTeX Font Info:    Checking defaults for OMX/cmex/m/n on input line 9.
LaTeX Font Info:    ... okay on input line 9.
LaTeX Font Info:    Checking defaults for U/cmr/m/n on input line 9.
LaTeX Font Info:    ... okay on input line 9.
LaTeX Font Info:    Checking defaults for OT2/wncyr/m/n on input line 9.
LaTeX Font Info:    Try loading font information for OT2+wncyr on input line 9.


(/usr/share/texmf/tex/latex/cyrillic/ot2wncyr.fd
File: ot2wncyr.fd 1999/12/17 v3.2a Computer Modern Cyrillic font definitions
)
LaTeX Font Info:    ... okay on input line 9.
LaTeX Info: Redefining \dots on input line 9.


LaTeX Font Warning: Font shape `OT1/cmss/m/it' in size <20> not available
(Font)              Font shape `OT1/cmss/m/sl' tried instead on input line 15.


LaTeX Font Warning: Font shape `OT1/cmss/m/sl' in size <20> not available
(Font)              size <20.74> substituted on input line 15.

LaTeX Font Info:    Calculating math sizes for size <14> on input line 30.
File: everest_logo.ps Graphic file (type eps)
<everest_logo.ps>
Overfull \hbox (64.85228pt too wide) in paragraph at lines 32--35
 [][]
 []

[1


]

LaTeX Font Warning: Font shape `OT1/cmss/m/n' in size <18> not available
(Font)              size <17.28> substituted on input line 40.

[2

] (./basics.tex [3

] [4

] [5

]
File: jack.ps Graphic file (type eps)
 <jack.ps> [6

]
File: escjava.ps Graphic file (type eps)
 <escjava.ps>)
(./interfacing_prover.tex

LaTeX Warning: Slide 7 overfull by 4.12428pt on input line 1.

[7

] [8

] [9

] [10

] [11

]) (./coq.tex [12

]

LaTeX Warning: Slide 13 overfull by 7.26904pt on input line 17.

[13

] [14

] [15

] [16

]

LaTeX Warning: Slide 17 overfull by 11.34201pt on input line 82.


Overfull \vbox (3.64691pt too high) has occurred while \output is active []


[17

] [18

]

LaTeX Warning: Slide 19 overfull by 11.71811pt on input line 112.

[19

]

LaTeX Warning: Slide 20 overfull by 16.02376pt on input line 133.

[20

] [21

] [22

] [23

] [24

] [25

] [26

] [27

] [28

]

LaTeX Warning: Slide 29 overfull by 45.34875pt on input line 284.


Overfull \vbox (2.19829pt too high) has occurred while \output is active []


[29

] [30

])
Overfull \hbox (35.4114pt too wide) in paragraph at lines 304--67
[][] 
 []

(./CoqEditor.tex [31

] [32

] [33

] [34

] [35

]
File: coqeditor.ps Graphic file (type eps)
 <coqeditor.ps> [36

]
File: coqeditor1.ps Graphic file (type eps)
 <coqeditor1.ps>
[37

]
File: coqeditor2.ps Graphic file (type eps)
 <coqeditor2.ps>) [38

]

LaTeX Warning: Slide 39 overfull by 10.76906pt on input line 87.

[39

] [40

] (./slides.aux)

LaTeX Font Warning: Size substitutions with differences
(Font)              up to 0.74pt have occurred.

 ) 
Here is how much of TeX's memory you used:
 3334 strings out of 95847
 40044 string characters out of 1193875
 108849 words of memory out of 1000001
 6221 multiletter control sequences out of 10000+50000
 10726 words of font info for 39 fonts, out of 500000 for 1000
 14 hyphenation exceptions out of 1000
 29i,9n,24p,223b,640s stack positions out of 1500i,500n,5000p,200000b,5000s

Output written on slides.dvi (40 pages, 36616 bytes).
