This is TeX, Version 3.14159 (Web2C 7.3.1) (format=latex 2004.7.7)  14 OCT 2004 11:18
**article.tex
(/usr/local/lib/texmf.local/tex/latex/spie/article.tex
LaTeX2e <2003/12/01>
Babel <v3.8c> and hyphenation patterns for english, UKenglish, french, german, 
ngerman, italian, spanish, dumylang, nohyphenation, loaded.
(/usr/local/lib/texmf.local/tex/latex/spie/spie.cls
Document Class: spie 2003/07/16 v2.80 SPIE Proceedings class
(/usr/local/lib/texmf/tex/latex/base/article.cls
Document Class: article 2004/02/16 v1.4f Standard LaTeX document class
(/usr/local/lib/texmf/tex/latex/base/size10.clo
File: size10.clo 2004/02/16 v1.4f Standard LaTeX file (size option)
)
\c@part=\count79
\c@section=\count80
\c@subsection=\count81
\c@subsubsection=\count82
\c@paragraph=\count83
\c@subparagraph=\count84
\c@figure=\count85
\c@table=\count86
\abovecaptionskip=\skip41
\belowcaptionskip=\skip42
\bibindent=\dimen102
)
ten-point font
\c@theorem=\count87
\@tempcntc=\count88
\@minsofar=\count89
\@min=\count90
\@cite@temp=\count91
) (/usr/local/lib/texmf/tex/latex/graphics/graphicx.sty
Package: graphicx 1999/02/16 v1.0f Enhanced LaTeX Graphics (DPC,SPQR)

(/usr/local/lib/texmf/tex/latex/graphics/keyval.sty
Package: keyval 1999/03/16 v1.13 key=value parser (DPC)
\KV@toks@=\toks14
)
(/usr/local/lib/texmf/tex/latex/graphics/graphics.sty
Package: graphics 2001/07/07 v1.0n Standard LaTeX Graphics (DPC,SPQR)

(/usr/local/lib/texmf/tex/latex/graphics/trig.sty
Package: trig 1999/03/16 v1.09 sin cos tan (DPC)
)
(/usr/local/lib/texmf/tex/latex/texlive/graphics.cfg)
Package graphics Info: Driver file: dvips.def on input line 80.

(/usr/local/lib/texmf/tex/latex/graphics/dvips.def
File: dvips.def 1999/02/16 v3.0i Driver-dependant file (DPC,SPQR)
))
\Gin@req@height=\dimen103
\Gin@req@width=\dimen104
)
No file article.aux.
\openout1 = `article.aux'.

LaTeX Font Info:    Checking defaults for OML/cmm/m/it on input line 55.
LaTeX Font Info:    ... okay on input line 55.
LaTeX Font Info:    Checking defaults for T1/cmr/m/n on input line 55.
LaTeX Font Info:    ... okay on input line 55.
LaTeX Font Info:    Checking defaults for OT1/cmr/m/n on input line 55.
LaTeX Font Info:    ... okay on input line 55.
LaTeX Font Info:    Checking defaults for OMS/cmsy/m/n on input line 55.
LaTeX Font Info:    ... okay on input line 55.
LaTeX Font Info:    Checking defaults for OMX/cmex/m/n on input line 55.
LaTeX Font Info:    ... okay on input line 55.
LaTeX Font Info:    Checking defaults for U/cmr/m/n on input line 55.
LaTeX Font Info:    ... okay on input line 55.
LaTeX Font Info:    External font `cmex10' loaded for size
(Font)              <9> on input line 56.
LaTeX Font Info:    External font `cmex10' loaded for size
(Font)              <6> on input line 56.
LaTeX Font Info:    External font `cmex10' loaded for size
(Font)              <5> on input line 56.
LaTeX Font Info:    External font `cmex10' loaded for size
(Font)              <7> on input line 71.

LaTeX Warning: Citation `Lamport94' on page 1 undefined on input line 71.


LaTeX Warning: Reference `tab:fonts' on page 1 undefined on input line 71.


LaTeX Warning: Reference `sect:latex' on page 1 undefined on input line 71.


LaTeX Warning: Reference `sect:latex' on page 1 undefined on input line 105.


LaTeX Warning: `h' float specifier changed to `ht'.


LaTeX Warning: Citation `Eisenberg92' on page 1 undefined on input line 107.


LaTeX Warning: Citation `Lamport94' on page 1 undefined on input line 109.


LaTeX Warning: Citation `Goossens97' on page 1 undefined on input line 109.


LaTeX Warning: Reference `sect:misc' on page 1 undefined on input line 126.

[1

]

LaTeX Warning: Reference `sect:sections' on page 2 undefined on input line 138.


[2]

LaTeX Warning: Citation `Lamport94' on page 3 undefined on input line 154.


LaTeX Warning: Citation `Eisenberg92' on page 3 undefined on input line 154.


LaTeX Warning: Citation `Gelman95' on page 3 undefined on input line 154.


LaTeX Warning: Citation `Goossens97' on page 3 undefined on input line 154.


LaTeX Warning: Citation `Metropolis53' on page 3 undefined on input line 154.


LaTeX Warning: Citation `Lamport94' on page 3 undefined on input line 154.


LaTeX Warning: Reference `sect:title' on page 3 undefined on input line 154.


LaTeX Warning: Citation `Gull89a' on page 3 undefined on input line 154.


LaTeX Warning: Citation `Hanson93c' on page 3 undefined on input line 154.


LaTeX Warning: Citation `Metropolis53' on page 3 undefined on input line 156.


LaTeX Warning: Citation `Lamport94' on page 3 undefined on input line 163.

[3]

LaTeX Warning: Reference `fig:example' on page 4 undefined on input line 179.

File: mcr3b.eps Graphic file (type eps)
<mcr3b.eps> [4]

LaTeX Warning: Reference `eq:alpha' on page 5 undefined on input line 222.

No file article.bbl.
[5] (article.aux)

LaTeX Warning: There were undefined references.


LaTeX Warning: Label(s) may have changed. Rerun to get cross-references right.

 ) 
Here is how much of TeX's memory you used:
 600 strings out of 10813
 6557 string characters out of 171231
 57086 words of memory out of 263001
 3637 multiletter control sequences out of 10000+20000
 8770 words of font info for 31 fonts, out of 400000 for 1000
 24 hyphenation exceptions out of 1000
 29i,9n,21p,1215b,441s stack positions out of 300i,100n,500p,50000b,4000s

Output written on article.dvi (5 pages, 23396 bytes).
