This is TeX, Version 3.14159 (Web2C 7.4.5) (format=latex 2005.7.20)  29 SEP 2006 15:01
**thesis.tex
(./thesis.tex
LaTeX2e <2001/06/01>
Babel <v3.7h> and hyphenation patterns for american, french, german, ngerman, n
ohyphenation, loaded.
(/usr/share/texmf/tex/latex/base/book.cls
Document Class: book 2001/04/21 v1.4e Standard LaTeX document class
(/usr/share/texmf/tex/latex/base/bk10.clo
File: bk10.clo 2001/04/21 v1.4e Standard LaTeX file (size option)
)
\c@part=\count79
\c@chapter=\count80
\c@section=\count81
\c@subsection=\count82
\c@subsubsection=\count83
\c@paragraph=\count84
\c@subparagraph=\count85
\c@figure=\count86
\c@table=\count87
\abovecaptionskip=\skip41
\belowcaptionskip=\skip42
\bibindent=\dimen102
) (./cmd.tex
\c@Formula=\count88
\c@Predicate=\count89
)
(/usr/share/texmf/tex/latex/html/url.sty
Package: url 1999/03/02  ver 1.4  Verb mode for urls, email addresses, and file
 names
)
(/usr/share/texmf/tex/latex/base/alltt.sty
Package: alltt 1997/06/16 v2.0g defines alltt environment
)
(/usr/share/texmf/tex/latex/amsfonts/amssymb.sty
Package: amssymb 2002/01/22 v2.2d

(/usr/share/texmf/tex/latex/amsfonts/amsfonts.sty
Package: amsfonts 2001/10/25 v2.2f
\@emptytoks=\toks14
\symAMSa=\mathgroup4
\symAMSb=\mathgroup5
LaTeX Font Info:    Overwriting math alphabet `\mathfrak' in version `bold'
(Font)                  U/euf/m/n --> U/euf/b/n on input line 132.
))
(/usr/share/texmf/tex/latex/graphics/epsfig.sty
Package: epsfig 1999/02/16 v1.7a (e)psfig emulation (SPQR)

(/usr/share/texmf/tex/latex/graphics/graphicx.sty
Package: graphicx 1999/02/16 v1.0f Enhanced LaTeX Graphics (DPC,SPQR)

(/usr/share/texmf/tex/latex/graphics/keyval.sty
Package: keyval 1999/03/16 v1.13 key=value parser (DPC)
\KV@toks@=\toks15
)
(/usr/share/texmf/tex/latex/graphics/graphics.sty
Package: graphics 2001/07/07 v1.0n Standard LaTeX Graphics (DPC,SPQR)

(/usr/share/texmf/tex/latex/graphics/trig.sty
Package: trig 1999/03/16 v1.09 sin cos tan (DPC)
)
(/usr/share/texmf/tex/latex/config/graphics.cfg
File: graphics.cfg 2001/08/31 v1.1 graphics configuration of teTeX/TeXLive
)
Package graphics Info: Driver file: dvips.def on input line 80.

(/usr/share/texmf/tex/latex/graphics/dvips.def
File: dvips.def 1999/02/16 v3.0i Driver-dependant file (DPC,SPQR)
))
\Gin@req@height=\dimen103
\Gin@req@width=\dimen104
)
\epsfxsize=\dimen105
\epsfysize=\dimen106
)
(/usr/share/texmf/tex/latex/listings/listings.sty
Package: listings 2002/04/01 1.0 (Carsten Heinz)
\lst@mode=\count90
\lst@gtempboxa=\box26
\lst@token=\toks16
\lst@length=\count91
\lst@currlwidth=\dimen107
\lst@column=\count92
\lst@pos=\count93
\lst@lostspace=\dimen108
\lst@width=\dimen109
\lst@newlines=\count94
\lst@lineno=\count95
\c@lstlisting=\count96
\lst@maxwidth=\dimen110

(/user/mpavlova/home/lib/latex/lstpatch.sty

***
*** This is a patch for listings 1.3, but you're using
*** version 1.0.
***
*** Patch file not loaded.
***

) (/usr/share/texmf/tex/latex/listings/lstmisc.sty
File: lstmisc.sty 2002/04/01 1.0 (Carsten Heinz)
\c@lstnumber=\count97
\lst@skipnumbers=\count98
\lst@framebox=\box27
)
(/usr/share/texmf/tex/latex/listings/listings.cfg
File: listings.cfg 2002/04/01 v1.0 listings configuration
))
(/usr/share/texmf/tex/latex/tools/longtable.sty
Package: longtable 2000/10/22 v4.10 Multi-page Table package (DPC)
\LTleft=\skip43
\LTright=\skip44
\LTpre=\skip45
\LTpost=\skip46
\LTchunksize=\count99
\LTcapwidth=\dimen111
\LT@head=\box28
\LT@firsthead=\box29
\LT@foot=\box30
\LT@lastfoot=\box31
\LT@cols=\count100
\LT@rows=\count101
\c@LT@tables=\count102
\c@LT@chunks=\count103
\LT@p@ftn=\toks17
)
(/usr/share/texmf/tex/latex/multirow/multirow.sty
\bigstrutjot=\dimen112
)
(/usr/share/texmf/tex/latex/graphics/color.sty
Package: color 1999/02/16 v1.0i Standard LaTeX Color (DPC)

(/usr/share/texmf/tex/latex/config/color.cfg
File: color.cfg 2001/08/31 v1.1 color configuration of teTeX/TeXLive
)
Package color Info: Driver file: dvips.def on input line 125.

(/usr/share/texmf/tex/latex/graphics/dvipsnam.def
File: dvipsnam.def 1999/02/16 v3.0i Driver-dependant file (DPC,SPQR)
)) (./Jml.sty)

LaTeX Warning: Unused global option(s):
    [book].

(./thesis.aux

LaTeX Warning: Label `sec:infer' multiply defined.


LaTeX Warning: Label `pogEq:aux:exprSrcBcWp' multiply defined.

)
\openout1 = `thesis.aux'.

LaTeX Font Info:    Checking defaults for OML/cmm/m/it on input line 43.
LaTeX Font Info:    ... okay on input line 43.
LaTeX Font Info:    Checking defaults for T1/cmr/m/n on input line 43.
LaTeX Font Info:    ... okay on input line 43.
LaTeX Font Info:    Checking defaults for OT1/cmr/m/n on input line 43.
LaTeX Font Info:    ... okay on input line 43.
LaTeX Font Info:    Checking defaults for OMS/cmsy/m/n on input line 43.
LaTeX Font Info:    ... okay on input line 43.
LaTeX Font Info:    Checking defaults for OMX/cmex/m/n on input line 43.
LaTeX Font Info:    ... okay on input line 43.
LaTeX Font Info:    Checking defaults for U/cmr/m/n on input line 43.
LaTeX Font Info:    ... okay on input line 43.
LaTeX Font Info:    Try loading font information for U+msa on input line 52.
 (/usr/share/texmf/tex/latex/amsfonts/umsa.fd
File: umsa.fd 2002/01/19 v2.2g AMS font definitions
)
LaTeX Font Info:    Try loading font information for U+msb on input line 52.

(/usr/share/texmf/tex/latex/amsfonts/umsb.fd
File: umsb.fd 2002/01/19 v2.2g AMS font definitions
)

LaTeX Warning: No \author given.

[1


] [2

] (./thesis.toc [3]
Overfull \hbox (3.66508pt too wide) in paragraph at lines 84--84
 [] []\OT1/cmr/bx/n/10 A Low-Footprint Java-to-Native Com-pi-la-tion Scheme Us-
ing For- 
 []

[4])
\tf@toc=\write3
\openout3 = `thesis.toc'.

 [5] [6

]
Chapter 1.
(./intro/intro.tex
LaTeX Font Info:    Try loading font information for OMS+cmr on input line 31.
 (/usr/share/texmf/tex/latex/base/omscmr.fd
File: omscmr.fd 1999/05/25 v2.5h Standard LaTeX font definitions
)
LaTeX Font Info:    Font shape `OMS/cmr/m/n' in size <10> not available
(Font)              Font shape `OMS/cmsy/m/n' tried instead on input line 31.
 [7]

LaTeX Warning: Citation `marche03krakatoa' on page 8 undefined on input line 45
.

[8]
Overfull \hbox (21.56378pt too wide) in paragraph at lines 115--126
[]\OT1/cmr/m/n/10 Such an equiv-
 []

[9]

LaTeX Warning: Citation `DesNecLee98' on page 10 undefined on input line 154.

[10]) [11] [12

]
Chapter 2.
(./prelim/intro.tex
Overfull \hbox (1.4168pt too wide) in paragraph at lines 16--18
[]\OT1/cmr/m/n/10 Similarly to the JVM our ab-stract ma-chine is stack based,
 []


Overfull \hbox (0.65224pt too wide) in paragraph at lines 28--31
[]\OT1/cmr/m/n/10 Our byte-code lan-guage sup-ports run-time
 []

[13]
LaTeX Font Info:    Try loading font information for OMS+cmtt on input line 60.

LaTeX Font Info:    No file OMScmtt.fd. on input line 60.


LaTeX Font Warning: Font shape `OMS/cmtt/m/n' undefined
(Font)              using `OMS/cmsy/m/n' instead
(Font)              for symbol `textbraceleft' on input line 60.


Overfull \hbox (65.50333pt too wide) has occurred while \output is active
\OT1/cmr/m/n/10 14 \OT1/cmr/m/sl/10 CHAPTER 2.   JAVA BYTECODE LANGUAGE AND ITS
 OPERATIONAL SEMANTICS
 []

[14]

LaTeX Warning: Citation `ESC2000LNS' on page 15 undefined on input line 119.


LaTeX Warning: Citation `DRT03GLF' on page 15 undefined on input line 121.

[15]) (./prelim/relWork.tex

LaTeX Warning: Citation `stata98type' on page 16 undefined on input line 9.


Overfull \hbox (65.50333pt too wide) has occurred while \output is active
\OT1/cmr/m/n/10 16 \OT1/cmr/m/sl/10 CHAPTER 2.   JAVA BYTECODE LANGUAGE AND ITS
 OPERATIONAL SEMANTICS
 []

[16]) (./prelim/notation.tex
Overfull \hbox (13.6382pt too wide) in paragraph at lines 12--13
[]\OT1/cmr/m/n/10 Function up-dates of func-tion $\OML/cmm/m/it/10 f$ \OT1/cmr/
m/n/10 with n ar-gu-ments is de-noted with $\OML/cmm/m/it/10 f\OT1/cmr/m/n/10 [
\OMS/cmtt/m/n/10 ^^H[] !
 []

) (./prelim/classAndMeths.tex [17]
Overfull \hbox (65.50333pt too wide) has occurred while \output is active
\OT1/cmr/m/n/10 18 \OT1/cmr/m/sl/10 CHAPTER 2.   JAVA BYTECODE LANGUAGE AND ITS
 OPERATIONAL SEMANTICS
 []

[18]) (./prelim/progTypes.tex [19]) (./prelim/config.tex
\c@StateProp0=\count104
\c@AtState=\count105

Overfull \hbox (65.50333pt too wide) has occurred while \output is active
\OT1/cmr/m/n/10 20 \OT1/cmr/m/sl/10 CHAPTER 2.   JAVA BYTECODE LANGUAGE AND ITS
 OPERATIONAL SEMANTICS
 []

[20]) (./prelim/heap.tex [21]
Overfull \hbox (65.50333pt too wide) has occurred while \output is active
\OT1/cmr/m/n/10 22 \OT1/cmr/m/sl/10 CHAPTER 2.   JAVA BYTECODE LANGUAGE AND ITS
 OPERATIONAL SEMANTICS
 []

[22] [23]) (./prelim/registers.tex) (./prelim/stack.tex) (./prelim/pc.tex)
(./prelim/exceptions.tex
Overfull \hbox (1.69507pt too wide) in paragraph at lines 2--1
\OT1/cmr/m/n/10 The last com-po-nent of an in-ter-me-di-ate state con-fig-u-ra-
tion is the pro-gram counter
 []


Overfull \hbox (65.50333pt too wide) has occurred while \output is active
\OT1/cmr/m/n/10 24 \OT1/cmr/m/sl/10 CHAPTER 2.   JAVA BYTECODE LANGUAGE AND ITS
 OPERATIONAL SEMANTICS
 []

[24] [25]
Overfull \hbox (16.98134pt too wide) detected at line 61
[]
 []

) (./prelim/designOpSem.tex
Overfull \hbox (65.50333pt too wide) has occurred while \output is active
\OT1/cmr/m/n/10 26 \OT1/cmr/m/sl/10 CHAPTER 2.   JAVA BYTECODE LANGUAGE AND ITS
 OPERATIONAL SEMANTICS
 []

[26]) (./prelim/operational_sem.tex
\c@StateTransition=\count106


LaTeX Warning: `h' float specifier changed to `ht'.


Overfull \hbox (3.60905pt too wide) in paragraph at lines 77--80
[]\OT1/cmr/m/it/10 If an in-struc-tion [] in the body of method
 []


LaTeX Font Warning: Command \scriptsize invalid in math mode on input line 81.


Overfull \hbox (26.80214pt too wide) in paragraph at lines 88--90
[]
 []


LaTeX Font Warning: Command \scriptsize invalid in math mode on input line 90.

[27]
Overfull \hbox (9.08136pt too wide) in paragraph at lines 98--101
[]\OT1/cmr/m/it/10 If the method [] starts
 []


Overfull \hbox (17.78972pt too wide) in paragraph at lines 98--101
[] \OT1/cmr/m/it/10 and there is a tran-si-tive state tran-si-tion to the fi-na
l state $\OML/cmm/m/it/10 < []; [] >[]$
 []


LaTeX Font Warning: Command \scriptsize invalid in math mode on input line 106.



LaTeX Font Warning: Command \scriptsize invalid in math mode on input line 116.



Underfull \hbox (badness 10000) in paragraph at lines 123--124

 []


Overfull \hbox (65.50333pt too wide) has occurred while \output is active
\OT1/cmr/m/n/10 28 \OT1/cmr/m/sl/10 CHAPTER 2.   JAVA BYTECODE LANGUAGE AND ITS
 OPERATIONAL SEMANTICS
 []

[28]

LaTeX Font Warning: Command \scriptsize invalid in math mode on input line 145.



LaTeX Font Warning: Command \scriptsize invalid in math mode on input line 150.



LaTeX Font Warning: Command \scriptsize invalid in math mode on input line 155.


[29]

LaTeX Font Warning: Command \scriptsize invalid in math mode on input line 193.



LaTeX Font Warning: Command \scriptsize invalid in math mode on input line 202.



LaTeX Font Warning: Command \scriptsize invalid in math mode on input line 213.



LaTeX Font Warning: Command \scriptsize invalid in math mode on input line 224.



LaTeX Font Warning: Command \scriptsize invalid in math mode on input line 233.



LaTeX Font Warning: Command \scriptsize invalid in math mode on input line 241.



LaTeX Font Warning: Command \scriptsize invalid in math mode on input line 251.



LaTeX Font Warning: Command \scriptsize invalid in math mode on input line 265.



Overfull \hbox (65.50333pt too wide) has occurred while \output is active
\OT1/cmr/m/n/10 30 \OT1/cmr/m/sl/10 CHAPTER 2.   JAVA BYTECODE LANGUAGE AND ITS
 OPERATIONAL SEMANTICS
 []

[30]

LaTeX Font Warning: Command \scriptsize invalid in math mode on input line 295.



LaTeX Font Warning: Command \scriptsize invalid in math mode on input line 309.



LaTeX Font Warning: Command \scriptsize invalid in math mode on input line 319.



LaTeX Font Warning: Command \scriptsize invalid in math mode on input line 333.



LaTeX Font Warning: Command \scriptsize invalid in math mode on input line 343.



LaTeX Font Warning: Command \scriptsize invalid in math mode on input line 355.



LaTeX Font Warning: Command \scriptsize invalid in math mode on input line 362.



LaTeX Font Warning: Command \scriptsize invalid in math mode on input line 372.



LaTeX Font Warning: Command \scriptsize invalid in math mode on input line 386.



LaTeX Font Warning: Command \scriptsize invalid in math mode on input line 394.



LaTeX Font Warning: Command \scriptsize invalid in math mode on input line 404.



LaTeX Font Warning: Command \scriptsize invalid in math mode on input line 417.



LaTeX Warning: Float too large for page by 54.3677pt on input line 433.

[31]
Overfull \hbox (65.50333pt too wide) has occurred while \output is active
\OT1/cmr/m/n/10 32 \OT1/cmr/m/sl/10 CHAPTER 2.   JAVA BYTECODE LANGUAGE AND ITS
 OPERATIONAL SEMANTICS
 []

[32


]

LaTeX Font Warning: Command \scriptsize invalid in math mode on input line 500.



LaTeX Font Warning: Command \scriptsize invalid in math mode on input line 515.



LaTeX Font Warning: Command \scriptsize invalid in math mode on input line 531.



Overfull \hbox (1.02785pt too wide) in paragraph at lines 543--549
\OT1/cmr/m/n/10 type. They are given in Fig. 2.6[]. For in-stance, the in-struc
-tion []checks
 []


LaTeX Font Warning: Command \scriptsize invalid in math mode on input line 553.



LaTeX Font Warning: Command \scriptsize invalid in math mode on input line 566.



LaTeX Font Warning: Command \scriptsize invalid in math mode on input line 578.



LaTeX Font Warning: Command \scriptsize invalid in math mode on input line 585.



LaTeX Font Warning: Command \scriptsize invalid in math mode on input line 614.



LaTeX Font Warning: Command \scriptsize invalid in math mode on input line 623.



LaTeX Font Warning: Command \scriptsize invalid in math mode on input line 632.


[33]

LaTeX Font Warning: Command \scriptsize invalid in math mode on input line 660.



LaTeX Font Warning: Command \scriptsize invalid in math mode on input line 676.



LaTeX Font Warning: Command \scriptsize invalid in math mode on input line 691.



LaTeX Font Warning: Command \scriptsize invalid in math mode on input line 706.


) (./prelim/ctrlFlowGraph.tex
\c@defEdge=\count107
\c@propPath=\count108

Underfull \vbox (badness 10000) has occurred while \output is active []


Overfull \hbox (65.50333pt too wide) has occurred while \output is active
\OT1/cmr/m/n/10 34 \OT1/cmr/m/sl/10 CHAPTER 2.   JAVA BYTECODE LANGUAGE AND ITS
 OPERATIONAL SEMANTICS
 []

[34]
Overfull \hbox (35.52647pt too wide) has occurred while \output is active
\OT1/cmr/m/sl/10 2.9.  REPRESENTING BYTECODE PROGRAMS AS CONTROL FLOW GRAPHS \O
T1/cmr/m/n/10 35
 []

[35]
LaTeX Font Info:    Font shape `OMS/cmr/m/it' in size <10> not available
(Font)              Font shape `OMS/cmsy/m/n' tried instead on input line 121.

Overfull \hbox (35.46077pt too wide) in paragraph at lines 121--126
[]\OT1/cmr/m/it/10 for ev-ery ex-e-cu-tion path $\OML/cmm/m/it/10 P$ \OT1/cmr/m
/it/10 from $[]\OML/cmm/m/it/10 :[]\OT1/cmr/m/n/10 [0]$ \OT1/cmr/m/it/10 to $\O
ML/cmm/m/it/10 loopEnd$ \OT1/cmr/m/it/10 such that $\OML/cmm/m/it/10 P [] \OT1/
cmr/m/n/10 =  [][]\OML/cmm/m/it/10 :[]\OT1/cmr/m/n/10 [0] \OMS/cmsy/m/n/10 ![]
 []


Overfull \hbox (65.50333pt too wide) has occurred while \output is active
\OT1/cmr/m/n/10 36 \OT1/cmr/m/sl/10 CHAPTER 2.   JAVA BYTECODE LANGUAGE AND ITS
 OPERATIONAL SEMANTICS
 []

[36]
Overfull \hbox (35.52647pt too wide) has occurred while \output is active
\OT1/cmr/m/sl/10 2.9.  REPRESENTING BYTECODE PROGRAMS AS CONTROL FLOW GRAPHS \O
T1/cmr/m/n/10 37
 []

[37]
File: figs/bc.eps Graphic file (type eps)
 <figs/bc.eps>)
Overfull \hbox (65.50333pt too wide) has occurred while \output is active
\OT1/cmr/m/n/10 38 \OT1/cmr/m/sl/10 CHAPTER 2.   JAVA BYTECODE LANGUAGE AND ITS
 OPERATIONAL SEMANTICS
 []

[38]
Chapter 3.
(./BML/intro.tex) (./BML/prelim.tex

LaTeX Warning: Citation `ECG01DDL' on page 39 undefined on input line 32.

[39

]
LaTeX Font Info:    Try loading font information for OML+cmr on input line 77.
 (/usr/share/texmf/tex/latex/base/omlcmr.fd
File: omlcmr.fd 1999/05/25 v2.5h Standard LaTeX font definitions
)
LaTeX Font Info:    Font shape `OML/cmr/m/n' in size <10> not available
(Font)              Font shape `OML/cmm/m/it' tried instead on input line 77.
 [40]

LaTeX Warning: Citation `PD06LBR' on page 41 undefined on input line 149.


Underfull \vbox (badness 1087) has occurred while \output is active []

 [41]
Underfull \vbox (badness 2351) has occurred while \output is active []

 [42]

LaTeX Warning: Citation `december-jml' on page 43 undefined on input line 201.

) (./BML/designBml.tex
Underfull \vbox (badness 10000) has occurred while \output is active []

 [43]
Overfull \hbox (0.82234pt too wide) in paragraph at lines 77--91
[]\OT1/cmr/m/n/10 BML is de-
 []

[44]
Overfull \hbox (0.84242pt too wide) in paragraph at lines 103--112
[]\OT1/cmr/m/n/10 A re-quire-ment to the class
 []

) (./BML/bml.tex
\c@bml=\count109

Underfull \vbox (badness 3861) has occurred while \output is active []

 [45]
Overfull \vbox (242.45831pt too high) has occurred while \output is active []


[46] [47] [48] [49] [50]) (./BML/typeChecker.tex
Underfull \vbox (badness 10000) has occurred while \output is active []

 [51]
[52]) (./BML/compiler.tex [53]
LaTeX Font Info:    Font shape `OMS/cmr/bx/n' in size <10> not available
(Font)              Font shape `OMS/cmsy/b/n' tried instead on input line 47.

Overfull \hbox (0.33281pt too wide) in paragraph at lines 63--73
\OT1/cmr/m/n/10 The phase con-sists in con-vert-ing the JML method heavy-weight
 be-haviours
 []

[54]
Underfull \hbox (badness 10000) in paragraph at lines 107--108

 []

[55]
Underfull \hbox (badness 10000) in paragraph at lines 162--163

 []

[56] [57]) [58]
Chapter 4.
(./assertLangVC/assertionLang.tex) (./assertLangVC/BMLfragment.tex
Underfull \vbox (badness 10000) has occurred while \output is active []

 [59

])
(./assertLangVC/substitution.tex
Overfull \hbox (105.10985pt too wide) has occurred while \output is active
\OT1/cmr/m/n/10 60 \OT1/cmr/m/sl/10 CHAPTER 4.  ASSERTION LANGUAGE FOR THE VERI
FICATION CONDITION GENERATOR
 []

[60]) (./assertLangVC/interpretation.tex
\c@interpExpr=\count110
 [61]

LaTeX Warning: Citation `gries95avoiding' on page 62 undefined on input line 31
.


LaTeX Warning: Citation `schieder99adapting' on page 62 undefined on input line
 34.


LaTeX Warning: Citation `gries95avoiding' on page 62 undefined on input line 41
.


LaTeX Warning: Citation `burdy98treatment' on page 62 undefined on input line 4
2.


LaTeX Warning: Citation `burdy98treatment' on page 62 undefined on input line 5
2.


Overfull \hbox (105.10985pt too wide) has occurred while \output is active
\OT1/cmr/m/n/10 62 \OT1/cmr/m/sl/10 CHAPTER 4.  ASSERTION LANGUAGE FOR THE VERI
FICATION CONDITION GENERATOR
 []

[62]
Overfull \hbox (46.73901pt too wide) detected at line 155
[]
 []


Underfull \vbox (badness 10000) has occurred while \output is active []

 [63])
(./assertLangVC/extendMethod.tex
Overfull \hbox (105.10985pt too wide) has occurred while \output is active
\OT1/cmr/m/n/10 64 \OT1/cmr/m/sl/10 CHAPTER 4.  ASSERTION LANGUAGE FOR THE VERI
FICATION CONDITION GENERATOR
 []

[64] [65]
Underfull \hbox (badness 1221) in paragraph at lines 57--57
\OT1/cmss/m/n/10 define mod-i-fies lo-ca-tions in
 []

)
Overfull \hbox (105.10985pt too wide) has occurred while \output is active
\OT1/cmr/m/n/10 66 \OT1/cmr/m/sl/10 CHAPTER 4.  ASSERTION LANGUAGE FOR THE VERI
FICATION CONDITION GENERATOR
 []

[66]
Chapter 5.
(./wp/intro.tex) (./wp/discussionVC.tex
Overfull \hbox (9.13466pt too wide) in paragraph at lines 15--18
[]\OT1/cmr/m/n/10 The weak-est pre-
 []

[67

]
Overfull \hbox (15.07864pt too wide) in paragraph at lines 54--56
[]
 []


LaTeX Warning: Citation `gta05:fast' on page 68 undefined on input line 60.


Underfull \hbox (badness 1205) in paragraph at lines 70--70
\OT1/cmss/m/n/10 relie avec la trans-for-ma-tion
 []


Overfull \hbox (50.52641pt too wide) has occurred while \output is active
\OT1/cmr/m/n/10 68 \OT1/cmr/m/sl/10 CHAPTER 5.  VERIFICATION CONDITION GENERATO
R FOR JAVA BYTECODE 
 []

[68]) (./wp/relWork.tex [69]) (./wp/wpbc.tex
Overfull \hbox (50.52641pt too wide) has occurred while \output is active
\OT1/cmr/m/n/10 70 \OT1/cmr/m/sl/10 CHAPTER 5.  VERIFICATION CONDITION GENERATO
R FOR JAVA BYTECODE 
 []

[70]
LaTeX Font Info:    Font shape `OML/cmr/m/n' in size <7> not available
(Font)              Font shape `OML/cmm/m/it' tried instead on input line 44.
LaTeX Font Info:    Font shape `OMS/cmr/m/n' in size <7> not available
(Font)              Font shape `OMS/cmsy/m/n' tried instead on input line 59.
 [71] (./wp/intermPred.tex
\c@defInter=\count111

Overfull \hbox (50.52641pt too wide) has occurred while \output is active
\OT1/cmr/m/n/10 72 \OT1/cmr/m/sl/10 CHAPTER 5.  VERIFICATION CONDITION GENERATO
R FOR JAVA BYTECODE 
 []

[72]
Overfull \hbox (7.43846pt too wide) in paragraph at lines 22--24
[]
 []


Overfull \hbox (24.83409pt too wide) in paragraph at lines 32--37
\OT1/cmr/m/it/10 in-struc-tion. The im-pli-ca-tion is quan-ti-fied over the lo-
ca-tions $[]\OML/cmm/m/it/10 :[]\OT1/cmr/m/n/10 [\OML/cmm/m/it/10 s\OT1/cmr/m/n
/10 ]\OML/cmm/m/it/10 :[]$
 []

) (./wp/excPred.tex
\c@defExc=\count112
 [73]
Overfull \hbox (8.59285pt too wide) detected at line 29
[]
 []


Overfull \hbox (83.59917pt too wide) in paragraph at lines 50--50
[]
 []


Underfull \hbox (badness 10000) in paragraph at lines 50--50

 []


LaTeX Font Warning: Command \small invalid in math mode on input line 61.


Underfull \vbox (badness 1117) has occurred while \output is active []


Overfull \hbox (50.52641pt too wide) has occurred while \output is active
\OT1/cmr/m/n/10 74 \OT1/cmr/m/sl/10 CHAPTER 5.  VERIFICATION CONDITION GENERATO
R FOR JAVA BYTECODE 
 []

[74])
Underfull \hbox (badness 10000) in paragraph at lines 164--165

 []

[75]
Underfull \hbox (badness 10000) in paragraph at lines 210--211

 []


Underfull \hbox (badness 10000) in paragraph at lines 232--233

 []


Underfull \hbox (badness 10000) in paragraph at lines 239--240

 []


Underfull \hbox (badness 10000) in paragraph at lines 244--245

 []


Overfull \hbox (50.52641pt too wide) has occurred while \output is active
\OT1/cmr/m/n/10 76 \OT1/cmr/m/sl/10 CHAPTER 5.  VERIFICATION CONDITION GENERATO
R FOR JAVA BYTECODE 
 []

[76]
Underfull \hbox (badness 10000) in paragraph at lines 265--267

 []


Underfull \hbox (badness 10000) in paragraph at lines 289--290

 []


Underfull \hbox (badness 10000) in paragraph at lines 308--309

 []


LaTeX Font Warning: Command \small invalid in math mode on input line 321.


Overfull \hbox (9.72346pt too wide) detected at line 324
[]
 []

[77]

LaTeX Font Warning: Command \small invalid in math mode on input line 347.


Overfull \hbox (12.57788pt too wide) detected at line 352
[]
 []


Underfull \hbox (badness 10000) in paragraph at lines 358--359

 []


Underfull \hbox (badness 10000) in paragraph at lines 373--374

 []


Overfull \hbox (50.52641pt too wide) has occurred while \output is active
\OT1/cmr/m/n/10 78 \OT1/cmr/m/sl/10 CHAPTER 5.  VERIFICATION CONDITION GENERATO
R FOR JAVA BYTECODE 
 []

[78] [79]
Overfull \hbox (22.79558pt too wide) detected at line 541
[]
 []


Underfull \vbox (badness 2261) has occurred while \output is active []


Overfull \hbox (50.52641pt too wide) has occurred while \output is active
\OT1/cmr/m/n/10 80 \OT1/cmr/m/sl/10 CHAPTER 5.  VERIFICATION CONDITION GENERATO
R FOR JAVA BYTECODE 
 []

[80]
Overfull \hbox (25.46355pt too wide) in paragraph at lines 561--578
\OT1/cmr/m/n/10 method [] (i.e. $[]([]\OML/cmm/m/it/10 :[]\OT1/cmr/m/n/10 ([]\O
ML/cmm/m/it/10 :[]\OT1/cmr/m/n/10 [\OML/cmm/m/it/10 j\OT1/cmr/m/n/10 ])\OML/cmm
/m/it/10 ; i; []:[]\OT1/cmr/m/n/10 ) =
 []

[81]
Underfull \hbox (badness 10000) in paragraph at lines 584--585

 []

) (./wp/smallExample.tex
Overfull \hbox (50.52641pt too wide) has occurred while \output is active
\OT1/cmr/m/n/10 82 \OT1/cmr/m/sl/10 CHAPTER 5.  VERIFICATION CONDITION GENERATO
R FOR JAVA BYTECODE 
 []

[82]
Overfull \hbox (29.97292pt too wide) in paragraph at lines 26--27
[]\OT1/cmr/m/n/10 Finally, we can re-mark that the ver-i-fi-ca-tion con-di-tion
 for the method [][][]
 []


LaTeX Warning: Float too large for page by 120.60086pt on input line 115.

) [83]
Overfull \hbox (50.52641pt too wide) has occurred while \output is active
\OT1/cmr/m/n/10 84 \OT1/cmr/m/sl/10 CHAPTER 5.  VERIFICATION CONDITION GENERATO
R FOR JAVA BYTECODE 
 []

[84]
Chapter 6.
(./proof/intro.tex) (./proof/proofOutline.tex
Underfull \hbox (badness 5147) in paragraph at lines 4--4
\OT1/cmss/m/n/10 NB: pour les stacks est-
 []


Underfull \hbox (badness 3199) in paragraph at lines 4--4
\OT1/cmss/m/n/10 i-fies? Le prob-leme c'est
 []


Underfull \hbox (badness 1342) in paragraph at lines 4--4
\OT1/cmss/m/n/10 qu'on as-sume que le byte-
 []


Underfull \hbox (badness 3977) in paragraph at lines 4--4
\OT1/cmss/m/n/10 pro-gramme, et donc pour
 []


Underfull \hbox (badness 10000) in paragraph at lines 10--10
\OT1/cmss/m/n/10 ownership sys-tems, Pe-ter
 []


LaTeX Warning: Marginpar on page 85 moved.


LaTeX Warning: Citation `Nipkow-MOD2001' on page 85 undefined on input line 19.


[85

]
Overfull \hbox (55.66644pt too wide) has occurred while \output is active
\OT1/cmr/m/n/10 86 \OT1/cmr/m/sl/10 CHAPTER 6.  CORRECTNESS OF THE VERIFICATION
 CONDITION GENERATOR
 []

[86]) (./proof/substprop.tex
\c@substHeap=\count113
\c@valid=\count114

Overfull \hbox (87.12376pt too wide) has occurred while \output is active
\OT1/cmr/m/sl/10 6.2.  RELATION BETWEEN SYNTACTIC SUBSTITUTION AND SEMANTIC EVA
LUATION \OT1/cmr/m/n/10 87
 []

[87]
Overfull \hbox (2.24399pt too wide) detected at line 56
[]
 []


Overfull \hbox (55.66644pt too wide) has occurred while \output is active
\OT1/cmr/m/n/10 88 \OT1/cmr/m/sl/10 CHAPTER 6.  CORRECTNESS OF THE VERIFICATION
 CONDITION GENERATOR
 []

[88]
Overfull \hbox (4.92172pt too wide) in paragraph at lines 115--122
[]\OT1/cmr/m/it/10 For any ex-pres-sions $[][]\OML/cmm/m/it/10 ; [][]; [][]$ \O
T1/cmr/m/it/10 and any
 []


Overfull \hbox (12.6499pt too wide) in paragraph at lines 115--122
\OT1/cmr/m/it/10 field [] if we have that the states $\OML/cmm/m/it/10 s[]$ \OT
1/cmr/m/it/10 and $\OML/cmm/m/it/10 s[]$ \OT1/cmr/m/it/10 are such that $\OML/c
mm/m/it/10 s[] \OT1/cmr/m/n/10 =\OML/cmm/m/it/10 < []; []; []; []; [] >$
 []


Overfull \hbox (5.55383pt too wide) in paragraph at lines 115--122
\OML/cmm/m/it/10 s[] \OT1/cmr/m/n/10 =\OML/cmm/m/it/10 < []; []; []; []; [] >$ 
\OT1/cmr/m/it/10 the fol-low-ing holds 
 []


Overfull \hbox (2.46889pt too wide) in paragraph at lines 129--134
[]\OT1/cmr/m/it/10 For
 []


Overfull \hbox (15.94159pt too wide) detected at line 142
[]
 []


Overfull \hbox (8.23767pt too wide) detected at line 150
[]
 []


Overfull \hbox (87.12376pt too wide) has occurred while \output is active
\OT1/cmr/m/sl/10 6.2.  RELATION BETWEEN SYNTACTIC SUBSTITUTION AND SEMANTIC EVA
LUATION \OT1/cmr/m/n/10 89
 []

[89]
Overfull \hbox (1.56752pt too wide) in paragraph at lines 184--191
[]\OT1/cmr/m/it/10 For any ex-pres-sions $[][]\OML/cmm/m/it/10 ; [][]; [][]$ \O
T1/cmr/m/it/10 if we have
 []

) (./proof/proof.tex
\c@defCorrect=\count115
\c@lemma0=\count116

Overfull \hbox (5.71333pt too wide) in paragraph at lines 31--34
[]\OT1/cmr/m/it/10 For ev-ery
 []


Overfull \hbox (55.66644pt too wide) has occurred while \output is active
\OT1/cmr/m/n/10 90 \OT1/cmr/m/sl/10 CHAPTER 6.  CORRECTNESS OF THE VERIFICATION
 CONDITION GENERATOR
 []

[90]
Overfull \hbox (4.17165pt too wide) in paragraph at lines 65--68
[]\OT1/cmr/m/it/10 For ev-ery in-struc-tion $\OML/cmm/m/it/10 s$\OT1/cmr/m/it/1
0 ,
 []


Overfull \hbox (14.60292pt too wide) in paragraph at lines 65--68
\OT1/cmr/m/it/10 for ev-ery state $\OML/cmm/m/it/10 s[] \OT1/cmr/m/n/10 =\OML/c
mm/m/it/10 < []; []; []; []; s >$ \OT1/cmr/m/it/10 and ini-tial state $\OML/cmm
/m/it/10 s[] \OT1/cmr/m/n/10 =\OML/cmm/m/it/10 < []; \OT1/cmr/m/n/10 0\OML/cmm/
m/it/10 ; []; []; \OT1/cmr/m/n/10 0 \OML/cmm/m/it/10 >$
 []


Overfull \hbox (53.06464pt too wide) in paragraph at lines 78--81
\OML/cmm/m/it/10 s[] \OT1/cmr/m/n/10 =\OML/cmm/m/it/10 < []; []; []; []; [] >$ 
\OT1/cmr/m/it/10 then $\OML/cmm/m/it/10 s[]; s[] \U/msa/m/n/10 ^^O []\OT1/cmr/m
/n/10 ([][]\OML/cmm/m/it/10 ; [][]; []\OT1/cmr/m/n/10 )$
 []

[91]
Overfull \hbox (43.68948pt too wide) detected at line 137
[]
 []


LaTeX Font Warning: Command \small invalid in math mode on input line 155.


Overfull \hbox (76.92172pt too wide) detected at line 158
[]
 []


Underfull \vbox (badness 10000) has occurred while \output is active []


Overfull \hbox (55.66644pt too wide) has occurred while \output is active
\OT1/cmr/m/n/10 92 \OT1/cmr/m/sl/10 CHAPTER 6.  CORRECTNESS OF THE VERIFICATION
 CONDITION GENERATOR
 []

[92]

LaTeX Font Warning: Command \small invalid in math mode on input line 175.


LaTeX Font Warning: Command \small invalid in math mode on input line 191.


Overfull \hbox (70.83838pt too wide) detected at line 196
[]
 []


Underfull \vbox (badness 3612) has occurred while \output is active []

 [93]

LaTeX Font Warning: Command \small invalid in math mode on input line 240.


Overfull \hbox (44.06635pt too wide) detected at line 245
[]
 []


LaTeX Font Warning: Command \small invalid in math mode on input line 261.


Overfull \hbox (9.2677pt too wide) detected at line 265
[]
 []


Overfull \hbox (55.66644pt too wide) has occurred while \output is active
\OT1/cmr/m/n/10 94 \OT1/cmr/m/sl/10 CHAPTER 6.  CORRECTNESS OF THE VERIFICATION
 CONDITION GENERATOR
 []

[94]
Overfull \hbox (4.97621pt too wide) in paragraph at lines 310--313
\OML/cmm/m/it/10 < []; [] >[]; s[] \U/msa/m/n/10 ^^O []\OML/cmm/m/it/10 :[]\OT1
/cmr/m/n/10 ([])$ \OT1/cmr/m/it/10 holds where $[]\OT1/cmr/m/n/10 ([][]\OML/cmm
/m/it/10 ; []\OT1/cmr/m/n/10 ) =
 []

[95]
Underfull \hbox (badness 10000) in paragraph at lines 347--354

 []


Overfull \hbox (43.49739pt too wide) detected at line 435
[]
 []


Underfull \vbox (badness 10000) has occurred while \output is active []


Overfull \hbox (55.66644pt too wide) has occurred while \output is active
\OT1/cmr/m/n/10 96 \OT1/cmr/m/sl/10 CHAPTER 6.  CORRECTNESS OF THE VERIFICATION
 CONDITION GENERATOR
 []

[96]
Underfull \hbox (badness 10000) in paragraph at lines 436--444

 []


Underfull \hbox (badness 10000) in paragraph at lines 445--446

 []

[97]
Overfull \hbox (13.01825pt too wide) in paragraph at lines 494--497
[]
 []


Overfull \hbox (55.66644pt too wide) has occurred while \output is active
\OT1/cmr/m/n/10 98 \OT1/cmr/m/sl/10 CHAPTER 6.  CORRECTNESS OF THE VERIFICATION
 CONDITION GENERATOR
 []

[98]
Underfull \hbox (badness 10000) in paragraph at lines 514--515

 []


Overfull \hbox (9.18494pt too wide) in paragraph at lines 522--523
[]
 []


Overfull \hbox (18.2073pt too wide) in paragraph at lines 525--531
[]\OT1/cmr/m/it/10 Assume that ex-e-cu-tion of method [] starts in state $[]$ a
nd $\OML/cmm/m/it/10 s[]; s[] \U/msa/m/n/10 ^^O []\OT1/cmr/m/n/10 (0 []\OML/cmm
/m/it/10 :[]\OT1/cmr/m/n/10 [0]\OML/cmm/m/it/10 ; []\OT1/cmr/m/n/10 )$
 []


Underfull \hbox (badness 10000) in paragraph at lines 537--544

 []

) [99]
Overfull \hbox (60.66646pt too wide) has occurred while \output is active
\OT1/cmr/m/n/10 100 \OT1/cmr/m/sl/10 CHAPTER 6.  CORRECTNESS OF THE VERIFICATIO
N CONDITION GENERATOR
 []

[100]
Chapter 7.
(./pogCompile/intro.tex

LaTeX Warning: Citation `ComNec' on page 101 undefined on input line 21.

[101

]

LaTeX Warning: Reference `prelim' on page 102 undefined on input line 50.

) (./pogCompile/relatedWork/relWork.tex

LaTeX Warning: Citation `gta05:fast' on page 102 undefined on input line 7.


LaTeX Warning: Citation `gta05:fast' on page 102 undefined on input line 14.


LaTeX Warning: Citation `SU05CNS' on page 102 undefined on input line 19.


Overfull \hbox (133.85889pt too wide) has occurred while \output is active
\OT1/cmr/m/n/10 102 \OT1/cmr/m/sl/10 CHAPTER 7.  EQUIVALENCE BETWEEN JAVA SOURC
E AND BYTECODE PROOF OBLIGATIONS
 []

[102]

LaTeX Warning: Citation `FB04LBT' on page 103 undefined on input line 44.

) (./pogCompile/source/source.tex
\c@Expression=\count117
 [103]
Overfull \hbox (133.85889pt too wide) has occurred while \output is active
\OT1/cmr/m/n/10 104 \OT1/cmr/m/sl/10 CHAPTER 7.  EQUIVALENCE BETWEEN JAVA SOURC
E AND BYTECODE PROOF OBLIGATIONS
 []

[104]) (./pogCompile/compile/compile.tex
\c@Compiler=\count118

Underfull \vbox (badness 10000) has occurred while \output is active []

 [105])
(./pogCompile/compile/compExcH.tex
Overfull \hbox (133.85889pt too wide) has occurred while \output is active
\OT1/cmr/m/n/10 106 \OT1/cmr/m/sl/10 CHAPTER 7.  EQUIVALENCE BETWEEN JAVA SOURC
E AND BYTECODE PROOF OBLIGATIONS
 []

[106]) (./pogCompile/compile/compLoopInv.tex)
(./pogCompile/compile/compExpr.tex [107]

LaTeX Font Warning: Command \scriptsize invalid in math mode on input line 52.


LaTeX Font Warning: Command \scriptsize invalid in math mode on input line 136.



Overfull \hbox (133.85889pt too wide) has occurred while \output is active
\OT1/cmr/m/n/10 108 \OT1/cmr/m/sl/10 CHAPTER 7.  EQUIVALENCE BETWEEN JAVA SOURC
E AND BYTECODE PROOF OBLIGATIONS
 []

[108]
Underfull \vbox (badness 10000) has occurred while \output is active []

 [109]

LaTeX Font Warning: Command \scriptsize invalid in math mode on input line 233.



LaTeX Font Warning: Command \scriptsize invalid in math mode on input line 286.



Overfull \hbox (133.85889pt too wide) has occurred while \output is active
\OT1/cmr/m/n/10 110 \OT1/cmr/m/sl/10 CHAPTER 7.  EQUIVALENCE BETWEEN JAVA SOURC
E AND BYTECODE PROOF OBLIGATIONS
 []

[110] [111]) (./pogCompile/compile/propCompFun.tex
\c@compProp0=\count119
\c@seqInstr=\count120

Overfull \hbox (7.41731pt too wide) in paragraph at lines 36--37
[]\OT1/cmr/m/n/10 substatement re-la-tion pre-served by the com-piler (Prop-er-
ties 7.3.4.4[], 7.3.4.5[]). 
 []


Overfull \hbox (3.43973pt too wide) in paragraph at lines 62--64
[]\OT1/cmr/m/it/10 For any
 []


Overfull \hbox (133.85889pt too wide) has occurred while \output is active
\OT1/cmr/m/n/10 112 \OT1/cmr/m/sl/10 CHAPTER 7.  EQUIVALENCE BETWEEN JAVA SOURC
E AND BYTECODE PROOF OBLIGATIONS
 []

[112]
Underfull \vbox (badness 10000) has occurred while \output is active []

 [113]
Overfull \hbox (3.43973pt too wide) in paragraph at lines 89--91
[]\OT1/cmr/m/it/10 For any
 []


Overfull \hbox (133.85889pt too wide) has occurred while \output is active
\OT1/cmr/m/n/10 114 \OT1/cmr/m/sl/10 CHAPTER 7.  EQUIVALENCE BETWEEN JAVA SOURC
E AND BYTECODE PROOF OBLIGATIONS
 []

[114]
Overfull \hbox (13.80368pt too wide) in paragraph at lines 151--155
[]
 []


Overfull \hbox (9.20366pt too wide) in paragraph at lines 164--167
[]\OT1/cmr/m/it/10 For all state-ments $[][]$ and
 []

[115]
Overfull \hbox (1.14804pt too wide) in paragraph at lines 241--243
[]\OT1/cmr/m/it/10 For ev-ery state-ment
 []


Overfull \hbox (133.85889pt too wide) has occurred while \output is active
\OT1/cmr/m/n/10 116 \OT1/cmr/m/sl/10 CHAPTER 7.  EQUIVALENCE BETWEEN JAVA SOURC
E AND BYTECODE PROOF OBLIGATIONS
 []

[116]
Overfull \hbox (30.23138pt too wide) in paragraph at lines 326--328
[]
 []

[117]
Overfull \hbox (6.22868pt too wide) in paragraph at lines 361--364
[]\OT1/cmr/m/it/10 For ev-
 []


Overfull \hbox (133.85889pt too wide) has occurred while \output is active
\OT1/cmr/m/n/10 118 \OT1/cmr/m/sl/10 CHAPTER 7.  EQUIVALENCE BETWEEN JAVA SOURC
E AND BYTECODE PROOF OBLIGATIONS
 []

[118]
Overfull \hbox (8.63286pt too wide) in paragraph at lines 376--381
[]\OT1/cmr/m/it/10 For ev-
 []


Overfull \hbox (1.45227pt too wide) in paragraph at lines 399--400
[]\OT1/cmr/m/it/10 For
 []

)
Overfull \hbox (6.58635pt too wide) in paragraph at lines 138--138
[]\OT1/cmr/bx/n/14.4 Weakest pre-con-di-tion cal-cu-lus for source pro-
 []

(./pogCompile/wpSrc/formulasSrc.tex
Overfull \hbox (13.16644pt too wide) has occurred while \output is active
\OT1/cmr/m/sl/10 7.4.  WEAKEST PRECONDITION CALCULUS FOR SOURCE PROGRAMS \OT1/c
mr/m/n/10 119
 []

[119]) (./pogCompile/wpSrc/srcWp.tex

LaTeX Warning: Reference `appendix:wpSrc' on page 120 undefined on input line 1
3.

) (./pogCompile/wpSrc/wpSrcExpr.tex
Overfull \hbox (133.85889pt too wide) has occurred while \output is active
\OT1/cmr/m/n/10 120 \OT1/cmr/m/sl/10 CHAPTER 7.  EQUIVALENCE BETWEEN JAVA SOURC
E AND BYTECODE PROOF OBLIGATIONS
 []

[120]

LaTeX Font Warning: Command \scriptsize invalid in math mode on input line 37.


LaTeX Font Warning: Command \scriptsize invalid in math mode on input line 134.



Overfull \hbox (54.03186pt too wide) detected at line 186
[]
 []

) (./pogCompile/wpSrc/wpSrcStmt.tex
Overfull \hbox (13.16644pt too wide) has occurred while \output is active
\OT1/cmr/m/sl/10 7.4.  WEAKEST PRECONDITION CALCULUS FOR SOURCE PROGRAMS \OT1/c
mr/m/n/10 121
 []

[121]

LaTeX Font Warning: Command \scriptsize invalid in math mode on input line 20.


LaTeX Font Warning: Command \scriptsize invalid in math mode on input line 71.


Overfull \hbox (133.85889pt too wide) has occurred while \output is active
\OT1/cmr/m/n/10 122 \OT1/cmr/m/sl/10 CHAPTER 7.  EQUIVALENCE BETWEEN JAVA SOURC
E AND BYTECODE PROOF OBLIGATIONS
 []

[122]) (./pogCompile/wpBc/bcWp.tex
\c@wpSeq=\count121

Overfull \hbox (29.2776pt too wide) has occurred while \output is active
\OT1/cmr/m/sl/10 7.5.  WEAKEST PRECONDITION CALCULUS FOR BYTECODE PROGRAMS \OT1
/cmr/m/n/10 123
 []

[123]
Overfull \hbox (133.85889pt too wide) has occurred while \output is active
\OT1/cmr/m/n/10 124 \OT1/cmr/m/sl/10 CHAPTER 7.  EQUIVALENCE BETWEEN JAVA SOURC
E AND BYTECODE PROOF OBLIGATIONS
 []

[124]

LaTeX Font Warning: Command \scriptsize invalid in math mode on input line 93.


LaTeX Warning: Float too large for page by 26.65234pt on input line 209.

) (./pogCompile/wpBc/wpProp.tex
\c@wpIns=\count122

Overfull \hbox (29.2776pt too wide) has occurred while \output is active
\OT1/cmr/m/sl/10 7.5.  WEAKEST PRECONDITION CALCULUS FOR BYTECODE PROGRAMS \OT1
/cmr/m/n/10 125
 []

[125]
Overfull \hbox (22.11469pt too wide) in paragraph at lines 25--28
[]
 []


Overfull \hbox (29.69757pt too wide) in paragraph at lines 25--28
\OT1/cmr/m/it/10 If an in-struc-tion at in-dex $\OML/cmm/m/it/10 j$ \OT1/cmr/m/
it/10 such that it is not a jump in-struc-tion $\OML/cmm/m/it/10 j \OMS/cmsy/m/
n/10 2 []nf[]\OML/cmm/m/it/10 ; []\OMS/cmsy/m/n/10 g$
 []


Underfull \hbox (badness 10000) in paragraph at lines 38--39

 []


Underfull \hbox (badness 10000) in paragraph at lines 67--69

 []


Overfull \hbox (133.85889pt too wide) has occurred while \output is active
\OT1/cmr/m/n/10 126 \OT1/cmr/m/sl/10 CHAPTER 7.  EQUIVALENCE BETWEEN JAVA SOURC
E AND BYTECODE PROOF OBLIGATIONS
 []

[126]
Overfull \hbox (3.40552pt too wide) in paragraph at lines 78--80
[]\OT1/cmr/m/it/10 For ev-ery block of in-struc-
 []


Underfull \hbox (badness 10000) in paragraph at lines 113--115

 []


Overfull \hbox (2.67776pt too wide) in paragraph at lines 119--120
[]\OT1/cmr/m/it/10 For ev-ery com-piled ex-pres-
 []


Overfull \hbox (29.2776pt too wide) has occurred while \output is active
\OT1/cmr/m/sl/10 7.5.  WEAKEST PRECONDITION CALCULUS FOR BYTECODE PROGRAMS \OT1
/cmr/m/n/10 127
 []

[127]
Underfull \hbox (badness 10000) in paragraph at lines 133--139

 []


Overfull \hbox (133.85889pt too wide) has occurred while \output is active
\OT1/cmr/m/n/10 128 \OT1/cmr/m/sl/10 CHAPTER 7.  EQUIVALENCE BETWEEN JAVA SOURC
E AND BYTECODE PROOF OBLIGATIONS
 []

[128]
Underfull \vbox (badness 10000) has occurred while \output is active []


Overfull \hbox (29.2776pt too wide) has occurred while \output is active
\OT1/cmr/m/sl/10 7.5.  WEAKEST PRECONDITION CALCULUS FOR BYTECODE PROGRAMS \OT1
/cmr/m/n/10 129
 []

[129]
Overfull \hbox (1.7815pt too wide) detected at line 289
[]
 []

) (./pogCompile/pogEquiv/aux.tex
Underfull \hbox (badness 10000) in paragraph at lines 291--1

 []

\c@wpExprSrc=\count123
\c@theorem=\count124

Underfull \vbox (badness 10000) has occurred while \output is active []


Overfull \hbox (133.85889pt too wide) has occurred while \output is active
\OT1/cmr/m/n/10 130 \OT1/cmr/m/sl/10 CHAPTER 7.  EQUIVALENCE BETWEEN JAVA SOURC
E AND BYTECODE PROOF OBLIGATIONS
 []

[130]
Underfull \hbox (badness 10000) in paragraph at lines 57--58

 []


Overfull \hbox (54.41435pt too wide) has occurred while \output is active
\OT1/cmr/m/sl/10 7.6.  PROOF OBLIGATION EQUIVALENCE ON SOURCE AND BYTECODE LEVE
L \OT1/cmr/m/n/10 131
 []

[131]
Overfull \hbox (10.05771pt too wide) in paragraph at lines 93--96
[]\OT1/cmr/m/it/10 For any ex-pres-sion $\OMS/cmsy/m/n/10 E[]$ \OT1/cmr/m/it/10
 from
 []


Overfull \hbox (10.05771pt too wide) in paragraph at lines 125--130
[]\OT1/cmr/m/it/10 For any ex-pres-sion $\OMS/cmsy/m/n/10 E[]$ \OT1/cmr/m/it/10
 from
 []


Underfull \vbox (badness 7012) has occurred while \output is active []


Overfull \hbox (133.85889pt too wide) has occurred while \output is active
\OT1/cmr/m/n/10 132 \OT1/cmr/m/sl/10 CHAPTER 7.  EQUIVALENCE BETWEEN JAVA SOURC
E AND BYTECODE PROOF OBLIGATIONS
 []

[132]
Overfull \hbox (6.66742pt too wide) in paragraph at lines 197--199
[]\OT1/cmr/m/it/10 For ev-ery $\OMS/cmsy/m/n/10 S$\OT1/cmr/m/it/10 ,
 []


Overfull \hbox (54.41435pt too wide) has occurred while \output is active
\OT1/cmr/m/sl/10 7.6.  PROOF OBLIGATION EQUIVALENCE ON SOURCE AND BYTECODE LEVE
L \OT1/cmr/m/n/10 133
 []

[133]
Overfull \hbox (1.50066pt too wide) in paragraph at lines 212--216
\OT1/cmr/m/n/10 con-di-tion $[] []\OML/cmm/m/it/10 :[]$ \OT1/cmr/m/n/10 and ex-
cep-tional post-con-di-tion func-tion $[] []\OML/cmm/m/it/10 :[]$
 []


Overfull \hbox (4.87857pt too wide) in paragraph at lines 218--220
[]\OT1/cmr/m/it/10 For all method [] if its body
 []

)
Overfull \hbox (133.85889pt too wide) has occurred while \output is active
\OT1/cmr/m/n/10 134 \OT1/cmr/m/sl/10 CHAPTER 7.  EQUIVALENCE BETWEEN JAVA SOURC
E AND BYTECODE PROOF OBLIGATIONS
 []

[134]
Overfull \hbox (54.41435pt too wide) has occurred while \output is active
\OT1/cmr/m/sl/10 7.6.  PROOF OBLIGATION EQUIVALENCE ON SOURCE AND BYTECODE LEVE
L \OT1/cmr/m/n/10 135
 []

[135]
Overfull \hbox (133.85889pt too wide) has occurred while \output is active
\OT1/cmr/m/n/10 136 \OT1/cmr/m/sl/10 CHAPTER 7.  EQUIVALENCE BETWEEN JAVA SOURC
E AND BYTECODE PROOF OBLIGATIONS
 []

[136

]
Chapter 8.
(./applications/memory/mydefThesis.tex) (./applications/memory/technical.tex
[137]
Overfull \hbox (97.67935pt too wide) has occurred while \output is active
\OT1/cmr/m/n/10 138 \OT1/cmr/m/sl/10 CHAPTER 8.  CONSTRAINT MEMORY CONSUMPTION 
POLICIES USING HOARE LOGICS
 []

[138]) (./applications/memory/examples.tex
Overfull \hbox (1.92783pt too wide) in paragraph at lines 80--81
[][][][][][][][][][][][] 
 []


LaTeX Warning: Float too large for page by 246.28316pt on input line 141.

[139]
Overfull \hbox (97.67935pt too wide) has occurred while \output is active
\OT1/cmr/m/n/10 140 \OT1/cmr/m/sl/10 CHAPTER 8.  CONSTRAINT MEMORY CONSUMPTION 
POLICIES USING HOARE LOGICS
 []

[140] [141]

LaTeX Font Warning: Command \scriptsize invalid in math mode on input line 159.


) (./applications/memory/infer.tex
Underfull \vbox (badness 5637) has occurred while \output is active []


Overfull \hbox (97.67935pt too wide) has occurred while \output is active
\OT1/cmr/m/n/10 142 \OT1/cmr/m/sl/10 CHAPTER 8.  CONSTRAINT MEMORY CONSUMPTION 
POLICIES USING HOARE LOGICS
 []

[142]

LaTeX Warning: Citation `ASU86cpt' on page 143 undefined on input line 36.


LaTeX Font Warning: Command \scriptsize invalid in math mode on input line 107.



LaTeX Font Warning: Command \scriptsize invalid in math mode on input line 117.



Overfull \hbox (64.01958pt too wide) detected at line 122
[]
 []


Underfull \hbox (badness 2384) in paragraph at lines 123--123
[]\OT1/cmr/m/n/10 Figure 8.6: \OT1/cmr/m/sc/10 Def-i-ni-tion of the func-tion $
[]\OT1/cmr/m/n/10 (\OMS/cmsy/m/n/10 ^^A\OT1/cmr/m/n/10 )$ \OT1/cmr/m/sc/10 and
 []

[143]
Overfull \hbox (97.67935pt too wide) has occurred while \output is active
\OT1/cmr/m/n/10 144 \OT1/cmr/m/sl/10 CHAPTER 8.  CONSTRAINT MEMORY CONSUMPTION 
POLICIES USING HOARE LOGICS
 []

[144]) (./applications/memory/relatedworks.tex

LaTeX Warning: Citation `MWCG99tal' on page 145 undefined on input line 3.


LaTeX Warning: Citation `AH02ats' on page 145 undefined on input line 3.


LaTeX Warning: Citation `Hofmann00tsb' on page 145 undefined on input line 3.


LaTeX Warning: Citation `HP99rdd' on page 145 undefined on input line 3.


LaTeX Warning: Citation `AC03hba' on page 145 undefined on input line 6.


LaTeX Warning: Citation `VC04fta' on page 145 undefined on input line 6.


LaTeX Warning: Citation `ACDJ04fsb' on page 145 undefined on input line 6.


LaTeX Warning: Citation `HJ03sph' on page 145 undefined on input line 8.


LaTeX Warning: Citation `CW00rbc' on page 145 undefined on input line 17.


LaTeX Warning: Citation `CJPS05cmu' on page 145 undefined on input line 23.


LaTeX Warning: Citation `schneider04cba' on page 145 undefined on input line 23
.

[145]

LaTeX Warning: Citation `GNYZ04pir' on page 146 undefined on input line 25.


LaTeX Warning: Citation `fredlund04gcp' on page 146 undefined on input line 25.



LaTeX Warning: Citation `CEILN05' on page 146 undefined on input line 32.


LaTeX Warning: Citation `CEILN05' on page 146 undefined on input line 38.

)
Overfull \hbox (97.67935pt too wide) has occurred while \output is active
\OT1/cmr/m/n/10 146 \OT1/cmr/m/sl/10 CHAPTER 8.  CONSTRAINT MEMORY CONSUMPTION 
POLICIES USING HOARE LOGICS
 []

[146]
Chapter 9.
(./applications/optimCompiler/intro.tex

LaTeX Warning: Citation `Mulchandani1998' on page 147 undefined on input line 8
.


LaTeX Warning: Citation `Lagosanto2002' on page 147 undefined on input line 8.


LaTeX Warning: Citation `Grimaud2003' on page 147 undefined on input line 8.

[147

]

LaTeX Warning: Reference `sec:conclusion' on page 148 undefined on input line 2
7.

) (./applications/optimCompiler/aheadOfTimeComp.tex
Overfull \hbox (179.69225pt too wide) has occurred while \output is active
\OT1/cmr/m/n/10 148 \OT1/cmr/m/sl/10 CHAPTER 9.  A LOW-FOOTPRINT JAVA-TO-NATIVE
 COMPILATION SCHEME USING FORMAL METHODS
 []

[148]) (./applications/optimCompiler/rtExc.tex

LaTeX Warning: Citation `Lindholm2000' on page 149 undefined on input line 6.

LaTeX Font Info:    Font shape `OT1/cmtt/bx/n' in size <10> not available
(Font)              Font shape `OT1/cmtt/m/n' tried instead on input line 9.
[149]

LaTeX Warning: Citation `Ishizaki1999' on page 150 undefined on input line 28.


Overfull \hbox (17.25189pt too wide) in paragraph at lines 52--53
[][][][][][][][] 
 []

) (./applications/optimCompiler/algo.tex
Overfull \hbox (179.69225pt too wide) has occurred while \output is active
\OT1/cmr/m/n/10 150 \OT1/cmr/m/sl/10 CHAPTER 9.  A LOW-FOOTPRINT JAVA-TO-NATIVE
 COMPILATION SCHEME USING FORMAL METHODS
 []

[150]
Overfull \hbox (8.3995pt too wide) in paragraph at lines 1--1
[]\OT1/cmr/bx/n/14.4 Optimizing ahead-of-time com-piled Java code 
 []

[151]) (./applications/optimCompiler/spec.tex)
(./applications/optimCompiler/proof2optim.tex
Overfull \hbox (179.69225pt too wide) has occurred while \output is active
\OT1/cmr/m/n/10 152 \OT1/cmr/m/sl/10 CHAPTER 9.  A LOW-FOOTPRINT JAVA-TO-NATIVE
 COMPILATION SCHEME USING FORMAL METHODS
 []

[152]
Underfull \hbox (badness 10000) in paragraph at lines 25--25
[]\OT1/cmr/m/n/10 Figure 9.3: \OT1/cmr/m/sc/10 The ver-i-fi-ca-tion con-di-tion
 for the
 []

) (./applications/optimCompiler/results.tex
Underfull \vbox (badness 2393) has occurred while \output is active []

 [153]

LaTeX Warning: Citation `JITSWebsite' on page 154 undefined on input line 8.


Overfull \hbox (179.69225pt too wide) has occurred while \output is active
\OT1/cmr/m/n/10 154 \OT1/cmr/m/sl/10 CHAPTER 9.  A LOW-FOOTPRINT JAVA-TO-NATIVE
 COMPILATION SCHEME USING FORMAL METHODS
 []

[154]
Overfull \hbox (77.89151pt too wide) in paragraph at lines 21--32
 [] 
 []

[155]) (./applications/optimCompiler/limitations.tex
Underfull \vbox (badness 10000) has occurred while \output is active []


Overfull \hbox (179.69225pt too wide) has occurred while \output is active
\OT1/cmr/m/n/10 156 \OT1/cmr/m/sl/10 CHAPTER 9.  A LOW-FOOTPRINT JAVA-TO-NATIVE
 COMPILATION SCHEME USING FORMAL METHODS
 []

[156]) (./applications/optimCompiler/relWork.tex

LaTeX Warning: Citation `Proebsting1997' on page 157 undefined on input line 5.



LaTeX Warning: Citation `Muller1997' on page 157 undefined on input line 5.


LaTeX Warning: Citation `JCVM' on page 157 undefined on input line 5.


LaTeX Warning: Citation `Raja1999' on page 157 undefined on input line 5.


LaTeX Warning: Citation `Hummel1997' on page 157 undefined on input line 8.


LaTeX Warning: Citation `Azevedo1999' on page 157 undefined on input line 8.


LaTeX Warning: Citation `Ishizaki1999' on page 157 undefined on input line 8.

[157])
Overfull \hbox (179.69225pt too wide) has occurred while \output is active
\OT1/cmr/m/n/10 158 \OT1/cmr/m/sl/10 CHAPTER 9.  A LOW-FOOTPRINT JAVA-TO-NATIVE
 COMPILATION SCHEME USING FORMAL METHODS
 []

[158]
Chapter 10.
(./appendix/pogCompile/compile/propCompFun.tex
Overfull \hbox (49.99095pt too wide) in paragraph at lines 6--8
[]
 []


LaTeX Warning: Reference `pogEq:compile:compCtrlStmt' on page 159 undefined on 
input line 27.


Underfull \vbox (badness 10000) has occurred while \output is active []

 [159

]
Underfull \hbox (badness 10000) in paragraph at lines 68--70

 []


Overfull \hbox (14.53992pt too wide) in paragraph at lines 73--75
[]\OT1/cmr/m/it/10 For any ex-pres-sion $\OMS/cmsy/m/n/10 E[]$\OT1/cmr/m/it/10 
, start-
 []

[160]

LaTeX Warning: Reference `prelim' on page 161 undefined on input line 86.


Overfull \hbox (4.8231pt too wide) in paragraph at lines 92--95
[]\OT1/cmr/m/it/10 For ev-ery
 []


Overfull \hbox (16.125pt too wide) in paragraph at lines 114--116
[]\OT1/cmr/m/n/10 This means that there ex-ists two el-e-ments $(\OML/cmm/m/it/
10 s[]; e[]; eH[]; []\OT1/cmr/m/n/10 )$ and $(\OML/cmm/m/it/10 s[]; e[]; eH[]; 
[]\OT1/cmr/m/n/10 )$
 []

[161]) (./appendix/pogCompile/pogEquiv/aux.tex
Underfull \hbox (badness 10000) in paragraph at lines 141--2

 []


Overfull \hbox (9.1633pt too wide) in paragraph at lines 7--10
[]\OT1/cmr/m/it/10 For any ex-pres-sion $\OMS/cmsy/m/n/10 E[]$
 []


Underfull \hbox (badness 10000) in paragraph at lines 39--40

 []


Overfull \hbox (87.37526pt too wide) detected at line 67
[]
 []


Underfull \vbox (badness 1558) has occurred while \output is active []

 [162]
Overfull \hbox (16.19295pt too wide) detected at line 101
[]
 []


Overfull \hbox (22.25958pt too wide) detected at line 132
[]
 []


Underfull \vbox (badness 10000) has occurred while \output is active []

 [163]
Overfull \hbox (84.03987pt too wide) detected at line 167
[]
 []


Overfull \hbox (4.30774pt too wide) in paragraph at lines 174--179
[]\OT1/cmr/m/it/10 For any ex-pres-sion $\OMS/cmsy/m/n/10 E[]$ \OT1/cmr/m/it/10
 from
 []


Underfull \vbox (badness 1735) has occurred while \output is active []

 [164]
Overfull \hbox (124.37589pt too wide) detected at line 266
[]
 []


Underfull \vbox (badness 10000) has occurred while \output is active []

 [165]

LaTeX Font Warning: Command \small invalid in math mode on input line 320.


LaTeX Font Warning: Command \small invalid in math mode on input line 320.


LaTeX Font Warning: Command \small invalid in math mode on input line 320.


LaTeX Font Warning: Command \small invalid in math mode on input line 328.


LaTeX Font Warning: Command \small invalid in math mode on input line 336.


LaTeX Font Warning: Command \small invalid in math mode on input line 356.


LaTeX Font Warning: Command \small invalid in math mode on input line 364.


Overfull \hbox (154.78445pt too wide) detected at line 369
[]
 []


Underfull \vbox (badness 10000) has occurred while \output is active []

 [166]
Overfull \vbox (116.65862pt too high) has occurred while \output is active []


[167]
Overfull \hbox (60.48102pt too wide) detected at line 441
[]
 []


LaTeX Font Warning: Command \small invalid in math mode on input line 506.


LaTeX Font Warning: Command \small invalid in math mode on input line 516.


LaTeX Font Warning: Command \small invalid in math mode on input line 523.


Overfull \hbox (56.75275pt too wide) detected at line 529
[]
 []


Underfull \vbox (badness 10000) has occurred while \output is active []

 [168]
Overfull \vbox (41.66487pt too high) has occurred while \output is active []


[169])
Underfull \hbox (badness 10000) in paragraph at lines 529--194

 []

(./thesis.bbl [170] [171

] [172]) [173] (./thesis.aux)

LaTeX Font Warning: Some font shapes were not available, defaults substituted.


LaTeX Warning: There were undefined references.


LaTeX Warning: There were multiply-defined labels.

 ) 
Here is how much of TeX's memory you used:
 3746 strings out of 95847
 47994 string characters out of 1195948
 116487 words of memory out of 1000001
 6425 multiletter control sequences out of 10000+50000
 18670 words of font info for 72 fonts, out of 500000 for 1000
 14 hyphenation exceptions out of 1000
 32i,30n,42p,1453b,1012s stack positions out of 1500i,500n,5000p,200000b,5000s

Output written on thesis.dvi (173 pages, 663476 bytes).
